{
  "stats": {
    "suites": 1,
    "tests": 3,
    "passes": 3,
    "pending": 0,
    "failures": 0,
    "start": "2024-03-26T13:37:45.939Z",
    "end": "2024-03-26T13:37:53.411Z",
    "duration": 7472,
    "testsRegistered": 3,
    "passPercent": 100,
    "pendingPercent": 0,
    "other": 0,
    "hasOther": false,
    "skipped": 0,
    "hasSkipped": false
  },
  "results": [
    {
      "uuid": "b9ef71e3-9144-42a6-b7b0-5eedc2b81852",
      "title": "",
      "fullFile": "test\\cypress\\e2e\\ShoppingCart\\ShoppingCartTest.cy.js",
      "file": "test\\cypress\\e2e\\ShoppingCart\\ShoppingCartTest.cy.js",
      "beforeHooks": [],
      "afterHooks": [],
      "tests": [],
      "suites": [
        {
          "uuid": "5e7243ff-e66d-4c7d-af59-d83f74f4fd0e",
          "title": "Testing Sizes, Items and Shopping Cart",
          "fullFile": "",
          "file": "",
          "beforeHooks": [],
          "afterHooks": [],
          "tests": [
            {
              "title": "Test Size buttons",
              "fullTitle": "Testing Sizes, Items and Shopping Cart Test Size buttons",
              "timedOut": null,
              "duration": 1693,
              "state": "passed",
              "speed": "fast",
              "pass": true,
              "fail": false,
              "pending": false,
              "context": null,
              "code": "Stefi.Sizes([\"M\", \"L\", \"S\", \"XXL\"]);",
              "err": {},
              "uuid": "b8e15a2d-551e-4cae-8874-4865a65635f9",
              "parentUUID": "5e7243ff-e66d-4c7d-af59-d83f74f4fd0e",
              "isHook": false,
              "skipped": false
            },
            {
              "title": "Test Add To Cart buttons",
              "fullTitle": "Testing Sizes, Items and Shopping Cart Test Add To Cart buttons",
              "timedOut": null,
              "duration": 1377,
              "state": "passed",
              "speed": "fast",
              "pass": true,
              "fail": false,
              "pending": false,
              "context": null,
              "code": "Stefi.Sizes([\"M\", \"L\", \"XL\"]);\nStefi.SelectItems([\"Cropped Stay Groovy off white\"]);\nStefi.CloseCart();\n//cy.wait(2000)\nStefi.SelectItems([\"Basic Cactus White T-shirt\"]);\nStefi.CloseCart();\n//cy.wait(2000)\nStefi.SelectItems([\"Marine Blue T-shirt\"]);\n//cy.wait(2000)",
              "err": {},
              "uuid": "b1bc49f4-1d38-4786-8c9f-c5e4e8bf6510",
              "parentUUID": "5e7243ff-e66d-4c7d-af59-d83f74f4fd0e",
              "isHook": false,
              "skipped": false
            },
            {
              "title": "Test Quantity buttons",
              "fullTitle": "Testing Sizes, Items and Shopping Cart Test Quantity buttons",
              "timedOut": null,
              "duration": 1573,
              "state": "passed",
              "speed": "fast",
              "pass": true,
              "fail": false,
              "pending": false,
              "context": null,
              "code": "Stefi.Sizes([\"M\", \"L\", \"XL\"]);\nStefi.SelectItems([\"Cropped Stay Groovy off white\"]);\nStefi.CloseCart();\n//cy.wait(2000)\nStefi.SelectItems([\"Basic Cactus White T-shirt\"]);\nStefi.CloseCart();\n//cy.wait(2000)\nStefi.Cart();",
              "err": {},
              "uuid": "f5912165-5f13-495c-b4a3-e1342c316dfb",
              "parentUUID": "5e7243ff-e66d-4c7d-af59-d83f74f4fd0e",
              "isHook": false,
              "skipped": false
            }
          ],
          "suites": [],
          "passes": [
            "b8e15a2d-551e-4cae-8874-4865a65635f9",
            "b1bc49f4-1d38-4786-8c9f-c5e4e8bf6510",
            "f5912165-5f13-495c-b4a3-e1342c316dfb"
          ],
          "failures": [],
          "pending": [],
          "skipped": [],
          "duration": 4643,
          "root": false,
          "rootEmpty": false,
          "_timeout": 2000
        }
      ],
      "passes": [],
      "failures": [],
      "pending": [],
      "skipped": [],
      "duration": 0,
      "root": true,
      "rootEmpty": true,
      "_timeout": 2000
    }
  ],
  "meta": {
    "mocha": {
      "version": "7.0.1"
    },
    "mochawesome": {
      "options": {
        "quiet": false,
        "reportFilename": "mochawesome",
        "saveHtml": false,
        "saveJson": true,
        "consoleReporter": "spec",
        "useInlineDiffs": false,
        "code": true
      },
      "version": "7.1.3"
    },
    "marge": {
      "options": {
        "overwrite": false,
        "reportPageTitle": "Stefi",
        "html": false,
        "json": true,
        "charts": true,
        "embeddedScreenshots": true,
        "saveAllAttempts": false,
        "screenshotOnRunFailure": true,
        "inlineAssets": true,
        "reportDir": "cypress/reports/mocha"
      },
      "version": "6.2.0"
    }
  }
}