{
  "stats": {
    "suites": 1,
    "tests": 1,
    "passes": 1,
    "pending": 0,
    "failures": 0,
    "start": "2024-03-25T10:27:41.310Z",
    "end": "2024-03-25T10:27:46.436Z",
    "duration": 5126,
    "testsRegistered": 1,
    "passPercent": 100,
    "pendingPercent": 0,
    "other": 0,
    "hasOther": false,
    "skipped": 0,
    "hasSkipped": false
  },
  "results": [
    {
      "uuid": "f8a63a2a-29de-4584-97b5-28f3024e2b9e",
      "title": "",
      "fullFile": "test\\cypress\\e2e\\dropdownList\\TestList.cy.js",
      "file": "test\\cypress\\e2e\\dropdownList\\TestList.cy.js",
      "beforeHooks": [],
      "afterHooks": [],
      "tests": [],
      "suites": [
        {
          "uuid": "ba5b0f51-35ab-41d8-b416-ef8f444113c0",
          "title": "Test Dropdown list",
          "fullFile": "",
          "file": "",
          "beforeHooks": [],
          "afterHooks": [],
          "tests": [
            {
              "title": "Test chosen value from dropdown",
              "fullTitle": "Test Dropdown list Test chosen value from dropdown",
              "timedOut": null,
              "duration": 1889,
              "state": "passed",
              "speed": "fast",
              "pass": true,
              "fail": false,
              "pending": false,
              "context": null,
              "code": "Stefi.Selectdropdown('Option 2');\n//cy.get('#dropdown').find('option[value=\"2\"]').should(\"be.selected\");\nStefi.elements.Dropdown().find('option[value=\"2\"]').should(\"be.selected\");",
              "err": {},
              "uuid": "e7d00ff9-1bee-42da-b34d-726d014afa37",
              "parentUUID": "ba5b0f51-35ab-41d8-b416-ef8f444113c0",
              "isHook": false,
              "skipped": false
            }
          ],
          "suites": [],
          "passes": [
            "e7d00ff9-1bee-42da-b34d-726d014afa37"
          ],
          "failures": [],
          "pending": [],
          "skipped": [],
          "duration": 1889,
          "root": false,
          "rootEmpty": false,
          "_timeout": 2000
        }
      ],
      "passes": [],
      "failures": [],
      "pending": [],
      "skipped": [],
      "duration": 0,
      "root": true,
      "rootEmpty": true,
      "_timeout": 2000
    }
  ],
  "meta": {
    "mocha": {
      "version": "7.0.1"
    },
    "mochawesome": {
      "options": {
        "quiet": false,
        "reportFilename": "mochawesome",
        "saveHtml": true,
        "saveJson": true,
        "consoleReporter": "spec",
        "useInlineDiffs": false,
        "code": true
      },
      "version": "7.1.3"
    },
    "marge": {
      "options": {
        "overwrite": false,
        "html": true,
        "json": true,
        "charts": true,
        "embeddedScreenshots": true,
        "saveAllAttempts": false,
        "reportDir": "cypress/reports/mocha"
      },
      "version": "6.2.0"
    }
  }
}