{
  "stats": {
    "suites": 1,
    "tests": 2,
    "passes": 0,
    "pending": 0,
    "failures": 2,
    "start": "2024-03-26T13:36:07.702Z",
    "end": "2024-03-26T13:36:28.936Z",
    "duration": 21234,
    "testsRegistered": 2,
    "passPercent": 0,
    "pendingPercent": 0,
    "other": 0,
    "hasOther": false,
    "skipped": 0,
    "hasSkipped": false
  },
  "results": [
    {
      "uuid": "b7cf6e6a-e34c-46a9-be0d-ed679f3be77c",
      "title": "",
      "fullFile": "test\\cypress\\e2e\\iFrame\\iFrameTest.cy.js",
      "file": "test\\cypress\\e2e\\iFrame\\iFrameTest.cy.js",
      "beforeHooks": [],
      "afterHooks": [],
      "tests": [],
      "suites": [
        {
          "uuid": "62a0c153-9e3a-4d39-acba-fd007a06ddd1",
          "title": "Test Iframe input results and click on element in iframe",
          "fullFile": "",
          "file": "",
          "beforeHooks": [],
          "afterHooks": [],
          "tests": [
            {
              "title": "Input results and click on a search result",
              "fullTitle": "Test Iframe input results and click on element in iframe Input results and click on a search result",
              "timedOut": null,
              "duration": 8220,
              "state": "failed",
              "speed": null,
              "pass": false,
              "fail": true,
              "pending": false,
              "context": "[\n  \"assets/iFrameTest.cy.js/Test Iframe input results and click on element in iframe -- Input results and click on a search result (failed).png\",\n  \"assests/iFrameTest.cy.js.mp4\"\n]",
              "code": "Choose.ChooseSearchEngine('info.com');\nChoose.Type('Stefi');\nChoose.ClickSearchBtn();\ncy.wait(3000);\ncy.log('Stefi');\ngetIframeBody().find('[data-extra*=\"position=2\"]').should('have.text', 'STEFI - YouTube');\ncy.wait(3000);",
              "err": {
                "message": "AssertionError: Timed out retrying after 4000ms: expected '<a.web-yahoo__title>' to have text 'STEFI - YouTube', but the text was 'Stefi – Wikipédia'",
                "estack": "AssertionError: Timed out retrying after 4000ms: expected '<a.web-yahoo__title>' to have text 'STEFI - YouTube', but the text was 'Stefi – Wikipédia'\n    at Context.eval (webpack:///./test/cypress/e2e/iFrame/iFrameTest.cy.js:25:55)",
                "diff": "- 'Stefi – Wikipédia'\n+ 'STEFI - YouTube'\n"
              },
              "uuid": "9fb53b30-e8b9-42b9-986c-77441f4efb8d",
              "parentUUID": "62a0c153-9e3a-4d39-acba-fd007a06ddd1",
              "isHook": false,
              "skipped": false
            },
            {
              "title": "Clear search input and try with another search engine",
              "fullTitle": "Test Iframe input results and click on element in iframe Clear search input and try with another search engine",
              "timedOut": null,
              "duration": 10130,
              "state": "failed",
              "speed": null,
              "pass": false,
              "fail": true,
              "pending": false,
              "context": "[\n  \"assets/iFrameTest.cy.js/Test Iframe input results and click on element in iframe -- Clear search input and try with another search engine (failed).png\",\n  \"assests/iFrameTest.cy.js.mp4\"\n]",
              "code": "Choose.ChooseSearchEngine('bing.com');\nChoose.Type('Cypress');\nChoose.ClickSearchBtn();\ncy.wait(5000);\ngetIframeBody().find('h2 [href=\"https://github.com/cypress-io/cypress\"]').should('have.text', 'GitHub - cypress-io/cypress: Fast, easy and reliable …');\ncy.wait(3000);",
              "err": {
                "message": "AssertionError: Timed out retrying after 4000ms: Expected to find element: `h2 [href=\"https://github.com/cypress-io/cypress\"]`, but never found it. Queried from:\n\n              > <body.b_respl.b_sbText>",
                "estack": "AssertionError: Timed out retrying after 4000ms: Expected to find element: `h2 [href=\"https://github.com/cypress-io/cypress\"]`, but never found it. Queried from:\n\n              > <body.b_respl.b_sbText>\n    at Context.eval (webpack:///./test/cypress/e2e/iFrame/iFrameTest.cy.js:34:80)",
                "diff": null
              },
              "uuid": "3593b071-86ad-4839-9a2d-29968908bae5",
              "parentUUID": "62a0c153-9e3a-4d39-acba-fd007a06ddd1",
              "isHook": false,
              "skipped": false
            }
          ],
          "suites": [],
          "passes": [],
          "failures": [
            "9fb53b30-e8b9-42b9-986c-77441f4efb8d",
            "3593b071-86ad-4839-9a2d-29968908bae5"
          ],
          "pending": [],
          "skipped": [],
          "duration": 18350,
          "root": false,
          "rootEmpty": false,
          "_timeout": 2000
        }
      ],
      "passes": [],
      "failures": [],
      "pending": [],
      "skipped": [],
      "duration": 0,
      "root": true,
      "rootEmpty": true,
      "_timeout": 2000
    }
  ],
  "meta": {
    "mocha": {
      "version": "7.0.1"
    },
    "mochawesome": {
      "options": {
        "quiet": false,
        "reportFilename": "mochawesome",
        "saveHtml": false,
        "saveJson": true,
        "consoleReporter": "spec",
        "useInlineDiffs": false,
        "code": true
      },
      "version": "7.1.3"
    },
    "marge": {
      "options": {
        "overwrite": false,
        "reportPageTitle": "Stefi",
        "html": false,
        "json": true,
        "charts": true,
        "embeddedScreenshots": true,
        "saveAllAttempts": false,
        "screenshotOnRunFailure": true,
        "inlineAssets": true,
        "reportDir": "cypress/reports/mocha"
      },
      "version": "6.2.0"
    }
  }
}