{
  "stats": {
    "suites": 1,
    "tests": 3,
    "passes": 3,
    "pending": 0,
    "failures": 0,
    "start": "2024-03-26T14:15:55.790Z",
    "end": "2024-03-26T14:16:03.884Z",
    "duration": 8094,
    "testsRegistered": 3,
    "passPercent": 100,
    "pendingPercent": 0,
    "other": 0,
    "hasOther": false,
    "skipped": 0,
    "hasSkipped": false
  },
  "results": [
    {
      "uuid": "95dca2ea-8080-487a-ae45-dc32439fb9a1",
      "title": "",
      "fullFile": "test\\cypress\\e2e\\ShoppingCart\\ShoppingCartTest.cy.js",
      "file": "test\\cypress\\e2e\\ShoppingCart\\ShoppingCartTest.cy.js",
      "beforeHooks": [],
      "afterHooks": [],
      "tests": [],
      "suites": [
        {
          "uuid": "9443e313-1f07-4737-a737-41969457829e",
          "title": "Testing Sizes, Items and Shopping Cart",
          "fullFile": "",
          "file": "",
          "beforeHooks": [],
          "afterHooks": [],
          "tests": [
            {
              "title": "Test Size buttons",
              "fullTitle": "Testing Sizes, Items and Shopping Cart Test Size buttons",
              "timedOut": null,
              "duration": 2375,
              "state": "passed",
              "speed": "fast",
              "pass": true,
              "fail": false,
              "pending": false,
              "context": null,
              "code": "Stefi.Sizes([\"M\", \"L\", \"S\", \"XXL\"]);",
              "err": {},
              "uuid": "8e8e0011-87d7-4c19-bb01-ef3fed68f00a",
              "parentUUID": "9443e313-1f07-4737-a737-41969457829e",
              "isHook": false,
              "skipped": false
            },
            {
              "title": "Test Add To Cart buttons",
              "fullTitle": "Testing Sizes, Items and Shopping Cart Test Add To Cart buttons",
              "timedOut": null,
              "duration": 1352,
              "state": "passed",
              "speed": "fast",
              "pass": true,
              "fail": false,
              "pending": false,
              "context": null,
              "code": "Stefi.Sizes([\"M\", \"L\", \"XL\"]);\nStefi.SelectItems([\"Cropped Stay Groovy off white\"]);\nStefi.CloseCart();\n//cy.wait(2000)\nStefi.SelectItems([\"Basic Cactus White T-shirt\"]);\nStefi.CloseCart();\n//cy.wait(2000)\nStefi.SelectItems([\"Marine Blue T-shirt\"]);\n//cy.wait(2000)",
              "err": {},
              "uuid": "91015aba-58ed-4bf3-b550-8a8f4b2ec82a",
              "parentUUID": "9443e313-1f07-4737-a737-41969457829e",
              "isHook": false,
              "skipped": false
            },
            {
              "title": "Test Quantity buttons",
              "fullTitle": "Testing Sizes, Items and Shopping Cart Test Quantity buttons",
              "timedOut": null,
              "duration": 1662,
              "state": "passed",
              "speed": "fast",
              "pass": true,
              "fail": false,
              "pending": false,
              "context": null,
              "code": "Stefi.Sizes([\"M\", \"L\", \"XL\"]);\nStefi.SelectItems([\"Cropped Stay Groovy off white\"]);\nStefi.CloseCart();\n//cy.wait(2000)\nStefi.SelectItems([\"Basic Cactus White T-shirt\"]);\nStefi.CloseCart();\n//cy.wait(2000)\nStefi.Cart();",
              "err": {},
              "uuid": "31cc9075-9d1b-458c-ac16-69fbf7ea3d01",
              "parentUUID": "9443e313-1f07-4737-a737-41969457829e",
              "isHook": false,
              "skipped": false
            }
          ],
          "suites": [],
          "passes": [
            "8e8e0011-87d7-4c19-bb01-ef3fed68f00a",
            "91015aba-58ed-4bf3-b550-8a8f4b2ec82a",
            "31cc9075-9d1b-458c-ac16-69fbf7ea3d01"
          ],
          "failures": [],
          "pending": [],
          "skipped": [],
          "duration": 5389,
          "root": false,
          "rootEmpty": false,
          "_timeout": 2000
        }
      ],
      "passes": [],
      "failures": [],
      "pending": [],
      "skipped": [],
      "duration": 0,
      "root": true,
      "rootEmpty": true,
      "_timeout": 2000
    }
  ],
  "meta": {
    "mocha": {
      "version": "7.0.1"
    },
    "mochawesome": {
      "options": {
        "quiet": false,
        "reportFilename": "mochawesome",
        "saveHtml": false,
        "saveJson": true,
        "consoleReporter": "spec",
        "useInlineDiffs": false,
        "code": true
      },
      "version": "7.1.3"
    },
    "marge": {
      "options": {
        "overwrite": false,
        "reportPageTitle": "Stefi",
        "html": false,
        "json": true,
        "charts": true,
        "embeddedScreenshots": true,
        "saveAllAttempts": false,
        "screenshotOnRunFailure": true,
        "inlineAssets": true,
        "reportDir": "cypress/reports/mocha"
      },
      "version": "6.2.0"
    }
  }
}