{
  "stats": {
    "suites": 1,
    "tests": 1,
    "passes": 1,
    "pending": 0,
    "failures": 0,
    "start": "2024-03-26T13:37:01.064Z",
    "end": "2024-03-26T13:37:12.737Z",
    "duration": 11673,
    "testsRegistered": 1,
    "passPercent": 100,
    "pendingPercent": 0,
    "other": 0,
    "hasOther": false,
    "skipped": 0,
    "hasSkipped": false
  },
  "results": [
    {
      "uuid": "b0cf889c-3b42-463c-8330-ecfc40d15fd6",
      "title": "",
      "fullFile": "test\\cypress\\e2e\\LocationChange\\LocationChangeTest.cy.js",
      "file": "test\\cypress\\e2e\\LocationChange\\LocationChangeTest.cy.js",
      "beforeHooks": [],
      "afterHooks": [],
      "tests": [],
      "suites": [
        {
          "uuid": "0dfa09e8-faa8-4018-9e03-f49050e50d44",
          "title": "Test page navigation and window location change",
          "fullFile": "",
          "file": "",
          "beforeHooks": [],
          "afterHooks": [],
          "tests": [
            {
              "title": "Test Inout field with location change",
              "fullTitle": "Test page navigation and window location change Test Inout field with location change",
              "timedOut": null,
              "duration": 8287,
              "state": "passed",
              "speed": "medium",
              "pass": true,
              "fail": false,
              "pending": false,
              "context": null,
              "code": "Input.Name('Stefani Kiprevska');\nInput.Submit();\ncy.wait(5000);\ncy.url().should('eq', 'https://ultimateqa.com/?firstname=Stefani%20Kiprevska');",
              "err": {},
              "uuid": "840c0f3e-8e0b-425e-a6b6-900f02204d33",
              "parentUUID": "0dfa09e8-faa8-4018-9e03-f49050e50d44",
              "isHook": false,
              "skipped": false
            }
          ],
          "suites": [],
          "passes": [
            "840c0f3e-8e0b-425e-a6b6-900f02204d33"
          ],
          "failures": [],
          "pending": [],
          "skipped": [],
          "duration": 8287,
          "root": false,
          "rootEmpty": false,
          "_timeout": 2000
        }
      ],
      "passes": [],
      "failures": [],
      "pending": [],
      "skipped": [],
      "duration": 0,
      "root": true,
      "rootEmpty": true,
      "_timeout": 2000
    }
  ],
  "meta": {
    "mocha": {
      "version": "7.0.1"
    },
    "mochawesome": {
      "options": {
        "quiet": false,
        "reportFilename": "mochawesome",
        "saveHtml": false,
        "saveJson": true,
        "consoleReporter": "spec",
        "useInlineDiffs": false,
        "code": true
      },
      "version": "7.1.3"
    },
    "marge": {
      "options": {
        "overwrite": false,
        "reportPageTitle": "Stefi",
        "html": false,
        "json": true,
        "charts": true,
        "embeddedScreenshots": true,
        "saveAllAttempts": false,
        "screenshotOnRunFailure": true,
        "inlineAssets": true,
        "reportDir": "cypress/reports/mocha"
      },
      "version": "6.2.0"
    }
  }
}