{
  "stats": {
    "suites": 1,
    "tests": 1,
    "passes": 1,
    "pending": 0,
    "failures": 0,
    "start": "2024-03-25T10:38:23.108Z",
    "end": "2024-03-25T10:38:35.904Z",
    "duration": 12796,
    "testsRegistered": 1,
    "passPercent": 100,
    "pendingPercent": 0,
    "other": 0,
    "hasOther": false,
    "skipped": 0,
    "hasSkipped": false
  },
  "results": [
    {
      "uuid": "a6c7a0a6-1560-4619-96de-640e060652b8",
      "title": "",
      "fullFile": "test\\cypress\\e2e\\ShadowTest\\shadow.cy.js",
      "file": "test\\cypress\\e2e\\ShadowTest\\shadow.cy.js",
      "beforeHooks": [],
      "afterHooks": [],
      "tests": [],
      "suites": [
        {
          "uuid": "f3b6d526-04b3-4a21-bff4-91c02d87d426",
          "title": "Test the core functionalities of the website including interactions with shadow DOM elements",
          "fullFile": "",
          "file": "",
          "beforeHooks": [],
          "afterHooks": [],
          "tests": [
            {
              "title": "Verify adding and removing multiple items to cart",
              "fullTitle": "Test the core functionalities of the website including interactions with shadow DOM elements Verify adding and removing multiple items to cart",
              "timedOut": null,
              "duration": 10042,
              "state": "passed",
              "speed": "slow",
              "pass": true,
              "fail": false,
              "pending": false,
              "context": null,
              "code": "_shadowElements.GetShadow.LadiesMenu();\n(0, _Helpers.shortWait)().then(() => {\n  _shadowElements.GetShadow.ColorblockJacket();\n});\n(0, _Helpers.shortWait)().then(() => {\n  _shadowElements.GetShadow.AddtoCart();\n});\n_shadowElements.GetShadow.elements.AddedToCart().should('have.text', 'Added to cart');\n_shadowElements.GetShadow.ViewCart();\n(0, _Helpers.mediumWait)().then(() => {\n  _shadowElements.GetShadow.Remove();\n});\n_shadowElements.GetShadow.elements.EmptyCart().should('have.text', '(0 items)');\n(0, _Helpers.longWait)();",
              "err": {},
              "uuid": "391fd67c-b042-40cc-93c7-7783e933d17a",
              "parentUUID": "f3b6d526-04b3-4a21-bff4-91c02d87d426",
              "isHook": false,
              "skipped": false
            }
          ],
          "suites": [],
          "passes": [
            "391fd67c-b042-40cc-93c7-7783e933d17a"
          ],
          "failures": [],
          "pending": [],
          "skipped": [],
          "duration": 10042,
          "root": false,
          "rootEmpty": false,
          "_timeout": 2000
        }
      ],
      "passes": [],
      "failures": [],
      "pending": [],
      "skipped": [],
      "duration": 0,
      "root": true,
      "rootEmpty": true,
      "_timeout": 2000
    }
  ],
  "meta": {
    "mocha": {
      "version": "7.0.1"
    },
    "mochawesome": {
      "options": {
        "quiet": false,
        "reportFilename": "mochawesome",
        "saveHtml": true,
        "saveJson": true,
        "consoleReporter": "spec",
        "useInlineDiffs": false,
        "code": true
      },
      "version": "7.1.3"
    },
    "marge": {
      "options": {
        "overwrite": false,
        "html": true,
        "json": true,
        "charts": true,
        "embeddedScreenshots": true,
        "saveAllAttempts": false,
        "reportDir": "cypress/reports/mocha"
      },
      "version": "6.2.0"
    }
  }
}