{
  "stats": {
    "suites": 1,
    "tests": 1,
    "passes": 1,
    "pending": 0,
    "failures": 0,
    "start": "2024-03-25T10:37:31.237Z",
    "end": "2024-03-25T10:37:53.144Z",
    "duration": 21907,
    "testsRegistered": 1,
    "passPercent": 100,
    "pendingPercent": 0,
    "other": 0,
    "hasOther": false,
    "skipped": 0,
    "hasSkipped": false
  },
  "results": [
    {
      "uuid": "7b199d27-00d5-4165-beb1-7249870fb121",
      "title": "",
      "fullFile": "test\\cypress\\e2e\\ShadowTest\\shadow.cy.js",
      "file": "test\\cypress\\e2e\\ShadowTest\\shadow.cy.js",
      "beforeHooks": [],
      "afterHooks": [],
      "tests": [],
      "suites": [
        {
          "uuid": "a5e098c3-e1df-40c4-91ed-ff1c857499e3",
          "title": "Test the core functionalities of the website including interactions with shadow DOM elements",
          "fullFile": "",
          "file": "",
          "beforeHooks": [],
          "afterHooks": [],
          "tests": [
            {
              "title": "Verify size and quantity selection in product and cart",
              "fullTitle": "Test the core functionalities of the website including interactions with shadow DOM elements Verify size and quantity selection in product and cart",
              "timedOut": null,
              "duration": 19135,
              "state": "passed",
              "speed": "slow",
              "pass": true,
              "fail": false,
              "pending": false,
              "context": null,
              "code": "_shadowElements.GetShadow.LadiesMenu();\n(0, _Helpers.shortWait)().then(() => {\n  _shadowElements.GetShadow.SonomaJacket();\n});\n_shadowElements.GetShadow.Quantity('2');\n_shadowElements.GetShadow.Size('XL');\n(0, _Helpers.mediumWait)().then(() => {\n  _shadowElements.GetShadow.AddtoCart();\n});\n_shadowElements.GetShadow.elements.QuantitySelect().should('have.value', '2');\n_shadowElements.GetShadow.elements.SizeSelect().should('have.value', 'XL');\n(0, _Helpers.mediumWait)().then(() => {\n  _shadowElements.GetShadow.MensMenu();\n});\n_shadowElements.GetShadow.GoogleTShirt();\n_shadowElements.GetShadow.Quantity('3');\n_shadowElements.GetShadow.Size('S');\n(0, _Helpers.mediumWait)().then(() => {\n  _shadowElements.GetShadow.AddtoCart();\n});\n_shadowElements.GetShadow.elements.QuantitySelect().should('have.value', '3');\n_shadowElements.GetShadow.elements.SizeSelect().should('have.value', 'S');\n_shadowElements.GetShadow.ViewCart();\n(0, _Helpers.mediumWait)().then(() => {\n  _shadowElements.GetShadow.QuantityCart('5');\n});\n_shadowElements.GetShadow.elements.QuantitySelectinCart().should('have.value', '5');\n(0, _Helpers.longWait)();",
              "err": {},
              "uuid": "0864a284-e2d7-4a6a-a440-182208d62f23",
              "parentUUID": "a5e098c3-e1df-40c4-91ed-ff1c857499e3",
              "isHook": false,
              "skipped": false
            }
          ],
          "suites": [],
          "passes": [
            "0864a284-e2d7-4a6a-a440-182208d62f23"
          ],
          "failures": [],
          "pending": [],
          "skipped": [],
          "duration": 19135,
          "root": false,
          "rootEmpty": false,
          "_timeout": 2000
        }
      ],
      "passes": [],
      "failures": [],
      "pending": [],
      "skipped": [],
      "duration": 0,
      "root": true,
      "rootEmpty": true,
      "_timeout": 2000
    }
  ],
  "meta": {
    "mocha": {
      "version": "7.0.1"
    },
    "mochawesome": {
      "options": {
        "quiet": false,
        "reportFilename": "mochawesome",
        "saveHtml": true,
        "saveJson": true,
        "consoleReporter": "spec",
        "useInlineDiffs": false,
        "code": true
      },
      "version": "7.1.3"
    },
    "marge": {
      "options": {
        "overwrite": false,
        "html": true,
        "json": true,
        "charts": true,
        "embeddedScreenshots": true,
        "saveAllAttempts": false,
        "reportDir": "cypress/reports/mocha"
      },
      "version": "6.2.0"
    }
  }
}