{
  "stats": {
    "suites": 1,
    "tests": 1,
    "passes": 1,
    "pending": 0,
    "failures": 0,
    "start": "2024-03-26T14:01:16.781Z",
    "end": "2024-03-26T14:01:31.114Z",
    "duration": 14333,
    "testsRegistered": 1,
    "passPercent": 100,
    "pendingPercent": 0,
    "other": 0,
    "hasOther": false,
    "skipped": 0,
    "hasSkipped": false
  },
  "results": [
    {
      "uuid": "3345fa14-b31c-408e-92e0-7678f2f8b488",
      "title": "",
      "fullFile": "test\\cypress\\e2e\\dropdowns\\universityTest.cy.js",
      "file": "test\\cypress\\e2e\\dropdowns\\universityTest.cy.js",
      "beforeHooks": [],
      "afterHooks": [],
      "tests": [],
      "suites": [
        {
          "uuid": "5e0729d9-3ea9-4cee-8fec-12c6aae3c35d",
          "title": "University Test",
          "fullFile": "",
          "file": "",
          "beforeHooks": [],
          "afterHooks": [],
          "tests": [
            {
              "title": "End to end",
              "fullTitle": "University Test End to end",
              "timedOut": null,
              "duration": 11637,
              "state": "passed",
              "speed": "slow",
              "pass": true,
              "fail": false,
              "pending": false,
              "context": null,
              "code": "click.Selectdropdowns();\ncy.wait(2000);\nclick.Selectcheckbox();\ncy.wait(2000);\nclick.SelectColours();\nclick.SelectFood();\ncy.wait(2000);\nclick.SelectPear();\ncy.wait(2000);",
              "err": {},
              "uuid": "4f74664b-2cda-45d9-b0ac-801a385de0d8",
              "parentUUID": "5e0729d9-3ea9-4cee-8fec-12c6aae3c35d",
              "isHook": false,
              "skipped": false
            }
          ],
          "suites": [],
          "passes": [
            "4f74664b-2cda-45d9-b0ac-801a385de0d8"
          ],
          "failures": [],
          "pending": [],
          "skipped": [],
          "duration": 11637,
          "root": false,
          "rootEmpty": false,
          "_timeout": 2000
        }
      ],
      "passes": [],
      "failures": [],
      "pending": [],
      "skipped": [],
      "duration": 0,
      "root": true,
      "rootEmpty": true,
      "_timeout": 2000
    }
  ],
  "meta": {
    "mocha": {
      "version": "7.0.1"
    },
    "mochawesome": {
      "options": {
        "quiet": false,
        "reportFilename": "mochawesome",
        "saveHtml": false,
        "saveJson": true,
        "consoleReporter": "spec",
        "useInlineDiffs": false,
        "code": true
      },
      "version": "7.1.3"
    },
    "marge": {
      "options": {
        "overwrite": false,
        "reportPageTitle": "Stefi",
        "html": false,
        "json": true,
        "charts": true,
        "embeddedScreenshots": true,
        "saveAllAttempts": false,
        "screenshotOnRunFailure": true,
        "inlineAssets": true,
        "reportDir": "cypress/reports/mocha"
      },
      "version": "6.2.0"
    }
  }
}