{
  "stats": {
    "suites": 1,
    "tests": 1,
    "passes": 1,
    "pending": 0,
    "failures": 0,
    "start": "2024-03-26T13:34:52.402Z",
    "end": "2024-03-26T13:34:57.711Z",
    "duration": 5309,
    "testsRegistered": 1,
    "passPercent": 100,
    "pendingPercent": 0,
    "other": 0,
    "hasOther": false,
    "skipped": 0,
    "hasSkipped": false
  },
  "results": [
    {
      "uuid": "ccb73866-2d32-42cc-9078-9580739774d7",
      "title": "",
      "fullFile": "test\\cypress\\e2e\\Input\\InputTest.cy.js",
      "file": "test\\cypress\\e2e\\Input\\InputTest.cy.js",
      "beforeHooks": [],
      "afterHooks": [],
      "tests": [],
      "suites": [
        {
          "uuid": "ab78ea39-e132-422d-8e3e-5fcfee17692a",
          "title": "Test Input value validation",
          "fullFile": "",
          "file": "",
          "beforeHooks": [],
          "afterHooks": [],
          "tests": [
            {
              "title": "Test all input fields",
              "fullTitle": "Test Input value validation Test all input fields",
              "timedOut": null,
              "duration": 2465,
              "state": "passed",
              "speed": "fast",
              "pass": true,
              "fail": false,
              "pending": false,
              "context": null,
              "code": "Input.Firstname('Stefani');\nInput.Lastname('Mnogudolgoprezime');\nInput.Age('26');\nInput.Country('North Macedonia');\nInput.Notes('TEST');\nInput.Submit();\nInput.elements.FirstnameInput().find('#firstname-value').should('have.text', 'Stefani');\nInput.elements.LastnameInput().find('#surname-value').should('have.text', 'Mnogudolgoprezime');\nInput.elements.AgeInput().find('#age-value').should('have.text', '26');\nInput.elements.CountrySelect().find('#country-value').should('have.text', 'North Macedonia');\nInput.elements.NotesInput().find('#notes-value').should('have.text', 'TEST');",
              "err": {},
              "uuid": "c3561e1b-b847-4a85-8308-848e6794631d",
              "parentUUID": "ab78ea39-e132-422d-8e3e-5fcfee17692a",
              "isHook": false,
              "skipped": false
            }
          ],
          "suites": [],
          "passes": [
            "c3561e1b-b847-4a85-8308-848e6794631d"
          ],
          "failures": [],
          "pending": [],
          "skipped": [],
          "duration": 2465,
          "root": false,
          "rootEmpty": false,
          "_timeout": 2000
        }
      ],
      "passes": [],
      "failures": [],
      "pending": [],
      "skipped": [],
      "duration": 0,
      "root": true,
      "rootEmpty": true,
      "_timeout": 2000
    }
  ],
  "meta": {
    "mocha": {
      "version": "7.0.1"
    },
    "mochawesome": {
      "options": {
        "quiet": false,
        "reportFilename": "mochawesome",
        "saveHtml": false,
        "saveJson": true,
        "consoleReporter": "spec",
        "useInlineDiffs": false,
        "code": true
      },
      "version": "7.1.3"
    },
    "marge": {
      "options": {
        "overwrite": false,
        "reportPageTitle": "Stefi",
        "html": false,
        "json": true,
        "charts": true,
        "embeddedScreenshots": true,
        "saveAllAttempts": false,
        "screenshotOnRunFailure": true,
        "inlineAssets": true,
        "reportDir": "cypress/reports/mocha"
      },
      "version": "6.2.0"
    }
  }
}