{
  "stats": {
    "suites": 10,
    "tests": 21,
    "passes": 15,
    "pending": 0,
    "failures": 6,
    "testsRegistered": 21,
    "passPercent": 71.42857142857143,
    "pendingPercent": 0,
    "other": 0,
    "hasOther": false,
    "skipped": 0,
    "hasSkipped": false,
    "start": "2024-03-26T13:30:52.305Z",
    "end": "2024-03-26T14:02:10.086Z",
    "duration": 1877781
  },
  "results": [
    {
      "uuid": "ccb73866-2d32-42cc-9078-9580739774d7",
      "title": "",
      "fullFile": "test\\cypress\\e2e\\Input\\InputTest.cy.js",
      "file": "test\\cypress\\e2e\\Input\\InputTest.cy.js",
      "beforeHooks": [],
      "afterHooks": [],
      "tests": [],
      "suites": [
        {
          "uuid": "ab78ea39-e132-422d-8e3e-5fcfee17692a",
          "title": "Test Input value validation",
          "fullFile": "",
          "file": "",
          "beforeHooks": [],
          "afterHooks": [],
          "tests": [
            {
              "title": "Test all input fields",
              "fullTitle": "Test Input value validation Test all input fields",
              "timedOut": null,
              "duration": 2465,
              "state": "passed",
              "speed": "fast",
              "pass": true,
              "fail": false,
              "pending": false,
              "context": null,
              "code": "Input.Firstname('Stefani');\nInput.Lastname('Mnogudolgoprezime');\nInput.Age('26');\nInput.Country('North Macedonia');\nInput.Notes('TEST');\nInput.Submit();\nInput.elements.FirstnameInput().find('#firstname-value').should('have.text', 'Stefani');\nInput.elements.LastnameInput().find('#surname-value').should('have.text', 'Mnogudolgoprezime');\nInput.elements.AgeInput().find('#age-value').should('have.text', '26');\nInput.elements.CountrySelect().find('#country-value').should('have.text', 'North Macedonia');\nInput.elements.NotesInput().find('#notes-value').should('have.text', 'TEST');",
              "err": {},
              "uuid": "c3561e1b-b847-4a85-8308-848e6794631d",
              "parentUUID": "ab78ea39-e132-422d-8e3e-5fcfee17692a",
              "isHook": false,
              "skipped": false
            }
          ],
          "suites": [],
          "passes": [
            "c3561e1b-b847-4a85-8308-848e6794631d"
          ],
          "failures": [],
          "pending": [],
          "skipped": [],
          "duration": 2465,
          "root": false,
          "rootEmpty": false,
          "_timeout": 2000
        }
      ],
      "passes": [],
      "failures": [],
      "pending": [],
      "skipped": [],
      "duration": 0,
      "root": true,
      "rootEmpty": true,
      "_timeout": 2000
    },
    {
      "uuid": "eb0f35db-ac04-461d-91e9-04e3bf9b117e",
      "title": "",
      "fullFile": "test\\cypress\\e2e\\dropdowns\\universityTest.cy.js",
      "file": "test\\cypress\\e2e\\dropdowns\\universityTest.cy.js",
      "beforeHooks": [],
      "afterHooks": [],
      "tests": [],
      "suites": [
        {
          "uuid": "45ca23f6-0174-4b63-a137-2a1fed4b58e5",
          "title": "University Test",
          "fullFile": "",
          "file": "",
          "beforeHooks": [],
          "afterHooks": [],
          "tests": [
            {
              "title": "End to end",
              "fullTitle": "University Test End to end",
              "timedOut": null,
              "duration": 11570,
              "state": "passed",
              "speed": "slow",
              "pass": true,
              "fail": false,
              "pending": false,
              "context": null,
              "code": "click.Selectdropdowns();\ncy.wait(2000);\nclick.Selectcheckbox();\ncy.wait(2000);\nclick.SelectColours();\nclick.SelectFood();\ncy.wait(2000);\nclick.SelectPear();\ncy.wait(2000);",
              "err": {},
              "uuid": "d1547c81-026d-4940-923e-b826d0133984",
              "parentUUID": "45ca23f6-0174-4b63-a137-2a1fed4b58e5",
              "isHook": false,
              "skipped": false
            }
          ],
          "suites": [],
          "passes": [
            "d1547c81-026d-4940-923e-b826d0133984"
          ],
          "failures": [],
          "pending": [],
          "skipped": [],
          "duration": 11570,
          "root": false,
          "rootEmpty": false,
          "_timeout": 2000
        }
      ],
      "passes": [],
      "failures": [],
      "pending": [],
      "skipped": [],
      "duration": 0,
      "root": true,
      "rootEmpty": true,
      "_timeout": 2000
    },
    {
      "uuid": "b7cf6e6a-e34c-46a9-be0d-ed679f3be77c",
      "title": "",
      "fullFile": "test\\cypress\\e2e\\iFrame\\iFrameTest.cy.js",
      "file": "test\\cypress\\e2e\\iFrame\\iFrameTest.cy.js",
      "beforeHooks": [],
      "afterHooks": [],
      "tests": [],
      "suites": [
        {
          "uuid": "62a0c153-9e3a-4d39-acba-fd007a06ddd1",
          "title": "Test Iframe input results and click on element in iframe",
          "fullFile": "",
          "file": "",
          "beforeHooks": [],
          "afterHooks": [],
          "tests": [
            {
              "title": "Input results and click on a search result",
              "fullTitle": "Test Iframe input results and click on element in iframe Input results and click on a search result",
              "timedOut": null,
              "duration": 8220,
              "state": "failed",
              "speed": null,
              "pass": false,
              "fail": true,
              "pending": false,
              "context": "[\n  \"assets/iFrameTest.cy.js/Test Iframe input results and click on element in iframe -- Input results and click on a search result (failed).png\",\n  \"assests/iFrameTest.cy.js.mp4\"\n]",
              "code": "Choose.ChooseSearchEngine('info.com');\nChoose.Type('Stefi');\nChoose.ClickSearchBtn();\ncy.wait(3000);\ncy.log('Stefi');\ngetIframeBody().find('[data-extra*=\"position=2\"]').should('have.text', 'STEFI - YouTube');\ncy.wait(3000);",
              "err": {
                "message": "AssertionError: Timed out retrying after 4000ms: expected '<a.web-yahoo__title>' to have text 'STEFI - YouTube', but the text was 'Stefi – Wikipédia'",
                "estack": "AssertionError: Timed out retrying after 4000ms: expected '<a.web-yahoo__title>' to have text 'STEFI - YouTube', but the text was 'Stefi – Wikipédia'\n    at Context.eval (webpack:///./test/cypress/e2e/iFrame/iFrameTest.cy.js:25:55)",
                "diff": "- 'Stefi – Wikipédia'\n+ 'STEFI - YouTube'\n"
              },
              "uuid": "9fb53b30-e8b9-42b9-986c-77441f4efb8d",
              "parentUUID": "62a0c153-9e3a-4d39-acba-fd007a06ddd1",
              "isHook": false,
              "skipped": false
            },
            {
              "title": "Clear search input and try with another search engine",
              "fullTitle": "Test Iframe input results and click on element in iframe Clear search input and try with another search engine",
              "timedOut": null,
              "duration": 10130,
              "state": "failed",
              "speed": null,
              "pass": false,
              "fail": true,
              "pending": false,
              "context": "[\n  \"assets/iFrameTest.cy.js/Test Iframe input results and click on element in iframe -- Clear search input and try with another search engine (failed).png\",\n  \"assests/iFrameTest.cy.js.mp4\"\n]",
              "code": "Choose.ChooseSearchEngine('bing.com');\nChoose.Type('Cypress');\nChoose.ClickSearchBtn();\ncy.wait(5000);\ngetIframeBody().find('h2 [href=\"https://github.com/cypress-io/cypress\"]').should('have.text', 'GitHub - cypress-io/cypress: Fast, easy and reliable …');\ncy.wait(3000);",
              "err": {
                "message": "AssertionError: Timed out retrying after 4000ms: Expected to find element: `h2 [href=\"https://github.com/cypress-io/cypress\"]`, but never found it. Queried from:\n\n              > <body.b_respl.b_sbText>",
                "estack": "AssertionError: Timed out retrying after 4000ms: Expected to find element: `h2 [href=\"https://github.com/cypress-io/cypress\"]`, but never found it. Queried from:\n\n              > <body.b_respl.b_sbText>\n    at Context.eval (webpack:///./test/cypress/e2e/iFrame/iFrameTest.cy.js:34:80)",
                "diff": null
              },
              "uuid": "3593b071-86ad-4839-9a2d-29968908bae5",
              "parentUUID": "62a0c153-9e3a-4d39-acba-fd007a06ddd1",
              "isHook": false,
              "skipped": false
            }
          ],
          "suites": [],
          "passes": [],
          "failures": [
            "9fb53b30-e8b9-42b9-986c-77441f4efb8d",
            "3593b071-86ad-4839-9a2d-29968908bae5"
          ],
          "pending": [],
          "skipped": [],
          "duration": 18350,
          "root": false,
          "rootEmpty": false,
          "_timeout": 2000
        }
      ],
      "passes": [],
      "failures": [],
      "pending": [],
      "skipped": [],
      "duration": 0,
      "root": true,
      "rootEmpty": true,
      "_timeout": 2000
    },
    {
      "uuid": "b0cf889c-3b42-463c-8330-ecfc40d15fd6",
      "title": "",
      "fullFile": "test\\cypress\\e2e\\LocationChange\\LocationChangeTest.cy.js",
      "file": "test\\cypress\\e2e\\LocationChange\\LocationChangeTest.cy.js",
      "beforeHooks": [],
      "afterHooks": [],
      "tests": [],
      "suites": [
        {
          "uuid": "0dfa09e8-faa8-4018-9e03-f49050e50d44",
          "title": "Test page navigation and window location change",
          "fullFile": "",
          "file": "",
          "beforeHooks": [],
          "afterHooks": [],
          "tests": [
            {
              "title": "Test Inout field with location change",
              "fullTitle": "Test page navigation and window location change Test Inout field with location change",
              "timedOut": null,
              "duration": 8287,
              "state": "passed",
              "speed": "medium",
              "pass": true,
              "fail": false,
              "pending": false,
              "context": null,
              "code": "Input.Name('Stefani Kiprevska');\nInput.Submit();\ncy.wait(5000);\ncy.url().should('eq', 'https://ultimateqa.com/?firstname=Stefani%20Kiprevska');",
              "err": {},
              "uuid": "840c0f3e-8e0b-425e-a6b6-900f02204d33",
              "parentUUID": "0dfa09e8-faa8-4018-9e03-f49050e50d44",
              "isHook": false,
              "skipped": false
            }
          ],
          "suites": [],
          "passes": [
            "840c0f3e-8e0b-425e-a6b6-900f02204d33"
          ],
          "failures": [],
          "pending": [],
          "skipped": [],
          "duration": 8287,
          "root": false,
          "rootEmpty": false,
          "_timeout": 2000
        }
      ],
      "passes": [],
      "failures": [],
      "pending": [],
      "skipped": [],
      "duration": 0,
      "root": true,
      "rootEmpty": true,
      "_timeout": 2000
    },
    {
      "uuid": "b9ef71e3-9144-42a6-b7b0-5eedc2b81852",
      "title": "",
      "fullFile": "test\\cypress\\e2e\\ShoppingCart\\ShoppingCartTest.cy.js",
      "file": "test\\cypress\\e2e\\ShoppingCart\\ShoppingCartTest.cy.js",
      "beforeHooks": [],
      "afterHooks": [],
      "tests": [],
      "suites": [
        {
          "uuid": "5e7243ff-e66d-4c7d-af59-d83f74f4fd0e",
          "title": "Testing Sizes, Items and Shopping Cart",
          "fullFile": "",
          "file": "",
          "beforeHooks": [],
          "afterHooks": [],
          "tests": [
            {
              "title": "Test Size buttons",
              "fullTitle": "Testing Sizes, Items and Shopping Cart Test Size buttons",
              "timedOut": null,
              "duration": 1693,
              "state": "passed",
              "speed": "fast",
              "pass": true,
              "fail": false,
              "pending": false,
              "context": null,
              "code": "Stefi.Sizes([\"M\", \"L\", \"S\", \"XXL\"]);",
              "err": {},
              "uuid": "b8e15a2d-551e-4cae-8874-4865a65635f9",
              "parentUUID": "5e7243ff-e66d-4c7d-af59-d83f74f4fd0e",
              "isHook": false,
              "skipped": false
            },
            {
              "title": "Test Add To Cart buttons",
              "fullTitle": "Testing Sizes, Items and Shopping Cart Test Add To Cart buttons",
              "timedOut": null,
              "duration": 1377,
              "state": "passed",
              "speed": "fast",
              "pass": true,
              "fail": false,
              "pending": false,
              "context": null,
              "code": "Stefi.Sizes([\"M\", \"L\", \"XL\"]);\nStefi.SelectItems([\"Cropped Stay Groovy off white\"]);\nStefi.CloseCart();\n//cy.wait(2000)\nStefi.SelectItems([\"Basic Cactus White T-shirt\"]);\nStefi.CloseCart();\n//cy.wait(2000)\nStefi.SelectItems([\"Marine Blue T-shirt\"]);\n//cy.wait(2000)",
              "err": {},
              "uuid": "b1bc49f4-1d38-4786-8c9f-c5e4e8bf6510",
              "parentUUID": "5e7243ff-e66d-4c7d-af59-d83f74f4fd0e",
              "isHook": false,
              "skipped": false
            },
            {
              "title": "Test Quantity buttons",
              "fullTitle": "Testing Sizes, Items and Shopping Cart Test Quantity buttons",
              "timedOut": null,
              "duration": 1573,
              "state": "passed",
              "speed": "fast",
              "pass": true,
              "fail": false,
              "pending": false,
              "context": null,
              "code": "Stefi.Sizes([\"M\", \"L\", \"XL\"]);\nStefi.SelectItems([\"Cropped Stay Groovy off white\"]);\nStefi.CloseCart();\n//cy.wait(2000)\nStefi.SelectItems([\"Basic Cactus White T-shirt\"]);\nStefi.CloseCart();\n//cy.wait(2000)\nStefi.Cart();",
              "err": {},
              "uuid": "f5912165-5f13-495c-b4a3-e1342c316dfb",
              "parentUUID": "5e7243ff-e66d-4c7d-af59-d83f74f4fd0e",
              "isHook": false,
              "skipped": false
            }
          ],
          "suites": [],
          "passes": [
            "b8e15a2d-551e-4cae-8874-4865a65635f9",
            "b1bc49f4-1d38-4786-8c9f-c5e4e8bf6510",
            "f5912165-5f13-495c-b4a3-e1342c316dfb"
          ],
          "failures": [],
          "pending": [],
          "skipped": [],
          "duration": 4643,
          "root": false,
          "rootEmpty": false,
          "_timeout": 2000
        }
      ],
      "passes": [],
      "failures": [],
      "pending": [],
      "skipped": [],
      "duration": 0,
      "root": true,
      "rootEmpty": true,
      "_timeout": 2000
    },
    {
      "uuid": "3d332783-dd7b-4b1c-8f40-f14b11321ee0",
      "title": "",
      "fullFile": "test\\cypress\\e2e\\ShadowTest\\shadow.cy.js",
      "file": "test\\cypress\\e2e\\ShadowTest\\shadow.cy.js",
      "beforeHooks": [],
      "afterHooks": [],
      "tests": [],
      "suites": [
        {
          "uuid": "0b055482-da6c-4ff8-9db3-d8296a473a91",
          "title": "Test the core functionalities of the website including interactions with shadow DOM elements STEFI1",
          "fullFile": "",
          "file": "",
          "beforeHooks": [],
          "afterHooks": [],
          "tests": [
            {
              "title": "Verify images on Product Pages and Listings",
              "fullTitle": "Test the core functionalities of the website including interactions with shadow DOM elements STEFI1 Verify images on Product Pages and Listings",
              "timedOut": null,
              "duration": 15643,
              "state": "passed",
              "speed": "slow",
              "pass": true,
              "fail": false,
              "pending": false,
              "context": null,
              "code": "_shadowElements.GetShadow.LadiesMenu();\n(0, _Helpers.longWait)().then(() => {\n  _shadowElements.GetShadow.ColorblockJacket();\n});\n_shadowElements.GetShadow.elements.LadiesColoblockJacket().should('have.attr', 'src').and('match', /.*\\.jpg$/);\n(0, _Helpers.mediumWait)().then(() => {\n  _shadowElements.GetShadow.LadiesMenu();\n});\n_shadowElements.GetShadow.SonomaJacket();\n_shadowElements.GetShadow.elements.LadiesSonomaJacket().should('have.attr', 'src').and('match', /.*\\.jpg$/);\n(0, _Helpers.mediumWait)().then(() => {\n  _shadowElements.GetShadow.MensMenu();\n});\n_shadowElements.GetShadow.GoogleTShirt();\n_shadowElements.GetShadow.elements.BasicGoogleTshirt().should('have.attr', 'src').and('match', /.*\\.jpg$/);\n(0, _Helpers.mediumWait)().then(() => {\n  _shadowElements.GetShadow.MensMenu();\n});\n_shadowElements.GetShadow.MapsTshirt();\n_shadowElements.GetShadow.elements.GoogleMapsTshirt().should('have.attr', 'src').and('match', /.*\\.jpg$/);\n(0, _Helpers.shortWait)();",
              "err": {},
              "uuid": "128baaf8-dd08-4af7-9f64-b26440a4b2bd",
              "parentUUID": "0b055482-da6c-4ff8-9db3-d8296a473a91",
              "isHook": false,
              "skipped": false
            },
            {
              "title": "Verify size and quantity selection in product and cart",
              "fullTitle": "Test the core functionalities of the website including interactions with shadow DOM elements STEFI1 Verify size and quantity selection in product and cart",
              "timedOut": null,
              "duration": 16041,
              "state": "passed",
              "speed": "slow",
              "pass": true,
              "fail": false,
              "pending": false,
              "context": null,
              "code": "_shadowElements.GetShadow.LadiesMenu();\n(0, _Helpers.shortWait)().then(() => {\n  _shadowElements.GetShadow.SonomaJacket();\n});\n_shadowElements.GetShadow.Quantity('2');\n_shadowElements.GetShadow.Size('XL');\n(0, _Helpers.mediumWait)().then(() => {\n  _shadowElements.GetShadow.AddtoCart();\n});\n_shadowElements.GetShadow.elements.QuantitySelect().should('have.value', '2');\n_shadowElements.GetShadow.elements.SizeSelect().should('have.value', 'XL');\n(0, _Helpers.mediumWait)().then(() => {\n  _shadowElements.GetShadow.MensMenu();\n});\n_shadowElements.GetShadow.GoogleTShirt();\n_shadowElements.GetShadow.Quantity('3');\n_shadowElements.GetShadow.Size('S');\n(0, _Helpers.mediumWait)().then(() => {\n  _shadowElements.GetShadow.AddtoCart();\n});\n_shadowElements.GetShadow.elements.QuantitySelect().should('have.value', '3');\n_shadowElements.GetShadow.elements.SizeSelect().should('have.value', 'S');\n_shadowElements.GetShadow.ViewCart();\n(0, _Helpers.mediumWait)().then(() => {\n  _shadowElements.GetShadow.QuantityCart('5');\n});\n_shadowElements.GetShadow.elements.QuantitySelectinCart().should('have.value', '5');\n(0, _Helpers.longWait)();",
              "err": {},
              "uuid": "289fbdf1-05d5-433c-bd3d-e9e694ff7ca0",
              "parentUUID": "0b055482-da6c-4ff8-9db3-d8296a473a91",
              "isHook": false,
              "skipped": false
            },
            {
              "title": "Verify adding and removing multiple items to cart",
              "fullTitle": "Test the core functionalities of the website including interactions with shadow DOM elements STEFI1 Verify adding and removing multiple items to cart",
              "timedOut": null,
              "duration": 9748,
              "state": "failed",
              "speed": null,
              "pass": false,
              "fail": true,
              "pending": false,
              "context": "[\n  \"assets/shadow.cy.js/Test the core functionalities of the website including interactions with shadow DOM elements STEFI1 -- Verify adding and removing multiple items to cart (failed).png\",\n  \"assests/shadow.cy.js.mp4\"\n]",
              "code": "_shadowElements.GetShadow.LadiesMenu();\n(0, _Helpers.shortWait)().then(() => {\n  _shadowElements.GetShadow.ColorblockJacket();\n});\n(0, _Helpers.shortWait)().then(() => {\n  _shadowElements.GetShadow.AddtoCart();\n});\n_shadowElements.GetShadow.elements.AddedToCart().should('have.text', 'Added to cart');\n_shadowElements.GetShadow.ViewCart();\n(0, _Helpers.mediumWait)().then(() => {\n  _shadowElements.GetShadow.Remove();\n});\n_shadowElements.GetShadow.elements.EmptyCart().should('have.text', '(0 items)');\n(0, _Helpers.longWait)();",
              "err": {
                "message": "AssertionError: Timed out retrying after 4000ms: expected '<span>' to have text '(0 items)', but the text was '(2 items)'",
                "estack": "AssertionError: Timed out retrying after 4000ms: expected '<span>' to have text '(0 items)', but the text was '(2 items)'\n    at Context.eval (webpack:///./test/cypress/e2e/ShadowTest/shadow.cy.js:91:7)",
                "diff": "- '(2 items)'\n+ '(0 items)'\n"
              },
              "uuid": "e148ffee-1a24-48ac-936a-852db06b5b61",
              "parentUUID": "0b055482-da6c-4ff8-9db3-d8296a473a91",
              "isHook": false,
              "skipped": false
            },
            {
              "title": "Verify checkout flow and functionalities (Shadow DOM)",
              "fullTitle": "Test the core functionalities of the website including interactions with shadow DOM elements STEFI1 Verify checkout flow and functionalities (Shadow DOM)",
              "timedOut": null,
              "duration": 15462,
              "state": "failed",
              "speed": null,
              "pass": false,
              "fail": true,
              "pending": false,
              "context": "[\n  \"assets/shadow.cy.js/Test the core functionalities of the website including interactions with shadow DOM elements STEFI1 -- Verify checkout flow and functionalities (Shadow DOM) (failed).png\",\n  \"assests/shadow.cy.js.mp4\"\n]",
              "code": "_shadowElements.GetShadow.LadiesMenu();\n(0, _Helpers.mediumWait)().then(() => {\n  _shadowElements.GetShadow.ColorblockJacket();\n});\n_shadowElements.GetShadow.Quantity('5');\n_shadowElements.GetShadow.elements.QuantitySelect().should('have.value', '5');\n_shadowElements.GetShadow.AddtoCart();\n_shadowElements.GetShadow.elements.AddedToCart().should('have.text', 'Added to cart');\n(0, _Helpers.mediumWait)().then(() => {\n  _shadowElements.GetShadow.LadiesMenu();\n});\n_shadowElements.GetShadow.SonomaJacket();\n_shadowElements.GetShadow.Quantity('3');\n_shadowElements.GetShadow.elements.QuantitySelect().should('have.value', '3');\n(0, _Helpers.mediumWait)().then(() => {\n  _shadowElements.GetShadow.AddtoCart();\n});\n_shadowElements.GetShadow.elements.AddedToCart().should('have.text', 'Added to cart');\n(0, _Helpers.shortWait)().then(() => {\n  _shadowElements.GetShadow.ViewCart();\n});\n(0, _Helpers.shortWait)().then(() => {\n  _shadowElements.GetShadow.elements.EmptyCart().should('have.text', '(2 items)');\n});\n_shadowElements.GetShadow.Checkout();\n(0, _Helpers.mediumWait)().then(() => {\n  _shadowElements.GetShadow.fillBillingForm('CheckoutData');\n});\n_shadowElements.GetShadow.PlaceOrder();\n_shadowElements.GetShadow.elements.SuccessfulPurchase().should('have.text', 'Thank you');\n(0, _Helpers.mediumWait)();\n_shadowElements.GetShadow.Finish();\n(0, _Helpers.mediumWait)();",
              "err": {
                "message": "AssertionError: Timed out retrying after 4000ms: expected '<span>' to have text '(2 items)', but the text was '(3 items)'",
                "estack": "AssertionError: Timed out retrying after 4000ms: expected '<span>' to have text '(2 items)', but the text was '(3 items)'\n    at Context.eval (webpack:///./test/cypress/e2e/ShadowTest/shadow.cy.js:123:13)",
                "diff": "- '(3 items)'\n+ '(2 items)'\n"
              },
              "uuid": "c91a4d91-869c-42b7-8cad-a56aeec86cca",
              "parentUUID": "0b055482-da6c-4ff8-9db3-d8296a473a91",
              "isHook": false,
              "skipped": false
            }
          ],
          "suites": [],
          "passes": [
            "128baaf8-dd08-4af7-9f64-b26440a4b2bd",
            "289fbdf1-05d5-433c-bd3d-e9e694ff7ca0"
          ],
          "failures": [
            "e148ffee-1a24-48ac-936a-852db06b5b61",
            "c91a4d91-869c-42b7-8cad-a56aeec86cca"
          ],
          "pending": [],
          "skipped": [],
          "duration": 56894,
          "root": false,
          "rootEmpty": false,
          "_timeout": 2000
        }
      ],
      "passes": [],
      "failures": [],
      "pending": [],
      "skipped": [],
      "duration": 0,
      "root": true,
      "rootEmpty": true,
      "_timeout": 2000
    },
    {
      "uuid": "f4db590e-c045-4e80-87da-269f471d5b8f",
      "title": "",
      "fullFile": "test\\cypress\\e2e\\Input\\InputTest.cy.js",
      "file": "test\\cypress\\e2e\\Input\\InputTest.cy.js",
      "beforeHooks": [],
      "afterHooks": [],
      "tests": [],
      "suites": [
        {
          "uuid": "7f6e5375-48e4-4c9d-beeb-63add1440025",
          "title": "Test Input value validation",
          "fullFile": "",
          "file": "",
          "beforeHooks": [],
          "afterHooks": [],
          "tests": [
            {
              "title": "Test all input fields",
              "fullTitle": "Test Input value validation Test all input fields",
              "timedOut": null,
              "duration": 2533,
              "state": "passed",
              "speed": "fast",
              "pass": true,
              "fail": false,
              "pending": false,
              "context": null,
              "code": "Input.Firstname('Stefani');\nInput.Lastname('Mnogudolgoprezime');\nInput.Age('26');\nInput.Country('North Macedonia');\nInput.Notes('TEST');\nInput.Submit();\nInput.elements.FirstnameInput().find('#firstname-value').should('have.text', 'Stefani');\nInput.elements.LastnameInput().find('#surname-value').should('have.text', 'Mnogudolgoprezime');\nInput.elements.AgeInput().find('#age-value').should('have.text', '26');\nInput.elements.CountrySelect().find('#country-value').should('have.text', 'North Macedonia');\nInput.elements.NotesInput().find('#notes-value').should('have.text', 'TEST');",
              "err": {},
              "uuid": "895b8994-6f70-45b1-8829-b0d782dffbfe",
              "parentUUID": "7f6e5375-48e4-4c9d-beeb-63add1440025",
              "isHook": false,
              "skipped": false
            }
          ],
          "suites": [],
          "passes": [
            "895b8994-6f70-45b1-8829-b0d782dffbfe"
          ],
          "failures": [],
          "pending": [],
          "skipped": [],
          "duration": 2533,
          "root": false,
          "rootEmpty": false,
          "_timeout": 2000
        }
      ],
      "passes": [],
      "failures": [],
      "pending": [],
      "skipped": [],
      "duration": 0,
      "root": true,
      "rootEmpty": true,
      "_timeout": 2000
    },
    {
      "uuid": "3345fa14-b31c-408e-92e0-7678f2f8b488",
      "title": "",
      "fullFile": "test\\cypress\\e2e\\dropdowns\\universityTest.cy.js",
      "file": "test\\cypress\\e2e\\dropdowns\\universityTest.cy.js",
      "beforeHooks": [],
      "afterHooks": [],
      "tests": [],
      "suites": [
        {
          "uuid": "5e0729d9-3ea9-4cee-8fec-12c6aae3c35d",
          "title": "University Test",
          "fullFile": "",
          "file": "",
          "beforeHooks": [],
          "afterHooks": [],
          "tests": [
            {
              "title": "End to end",
              "fullTitle": "University Test End to end",
              "timedOut": null,
              "duration": 11637,
              "state": "passed",
              "speed": "slow",
              "pass": true,
              "fail": false,
              "pending": false,
              "context": null,
              "code": "click.Selectdropdowns();\ncy.wait(2000);\nclick.Selectcheckbox();\ncy.wait(2000);\nclick.SelectColours();\nclick.SelectFood();\ncy.wait(2000);\nclick.SelectPear();\ncy.wait(2000);",
              "err": {},
              "uuid": "4f74664b-2cda-45d9-b0ac-801a385de0d8",
              "parentUUID": "5e0729d9-3ea9-4cee-8fec-12c6aae3c35d",
              "isHook": false,
              "skipped": false
            }
          ],
          "suites": [],
          "passes": [
            "4f74664b-2cda-45d9-b0ac-801a385de0d8"
          ],
          "failures": [],
          "pending": [],
          "skipped": [],
          "duration": 11637,
          "root": false,
          "rootEmpty": false,
          "_timeout": 2000
        }
      ],
      "passes": [],
      "failures": [],
      "pending": [],
      "skipped": [],
      "duration": 0,
      "root": true,
      "rootEmpty": true,
      "_timeout": 2000
    },
    {
      "uuid": "e1860b11-e668-4143-816b-2a3670d76cee",
      "title": "",
      "fullFile": "test\\cypress\\e2e\\ShoppingCart\\ShoppingCartTest.cy.js",
      "file": "test\\cypress\\e2e\\ShoppingCart\\ShoppingCartTest.cy.js",
      "beforeHooks": [],
      "afterHooks": [],
      "tests": [],
      "suites": [
        {
          "uuid": "44e7caa0-c858-4f59-82a2-0281604fabe5",
          "title": "Testing Sizes, Items and Shopping Cart",
          "fullFile": "",
          "file": "",
          "beforeHooks": [],
          "afterHooks": [],
          "tests": [
            {
              "title": "Test Size buttons",
              "fullTitle": "Testing Sizes, Items and Shopping Cart Test Size buttons",
              "timedOut": null,
              "duration": 1722,
              "state": "passed",
              "speed": "fast",
              "pass": true,
              "fail": false,
              "pending": false,
              "context": null,
              "code": "Stefi.Sizes([\"M\", \"L\", \"S\", \"XXL\"]);",
              "err": {},
              "uuid": "445ba4eb-5ac9-4b52-8b9a-ab5511cb37d4",
              "parentUUID": "44e7caa0-c858-4f59-82a2-0281604fabe5",
              "isHook": false,
              "skipped": false
            },
            {
              "title": "Test Add To Cart buttons",
              "fullTitle": "Testing Sizes, Items and Shopping Cart Test Add To Cart buttons",
              "timedOut": null,
              "duration": 1418,
              "state": "passed",
              "speed": "fast",
              "pass": true,
              "fail": false,
              "pending": false,
              "context": null,
              "code": "Stefi.Sizes([\"M\", \"L\", \"XL\"]);\nStefi.SelectItems([\"Cropped Stay Groovy off white\"]);\nStefi.CloseCart();\n//cy.wait(2000)\nStefi.SelectItems([\"Basic Cactus White T-shirt\"]);\nStefi.CloseCart();\n//cy.wait(2000)\nStefi.SelectItems([\"Marine Blue T-shirt\"]);\n//cy.wait(2000)",
              "err": {},
              "uuid": "2552fe93-e962-489d-9d9c-0936cd0fbd69",
              "parentUUID": "44e7caa0-c858-4f59-82a2-0281604fabe5",
              "isHook": false,
              "skipped": false
            },
            {
              "title": "Test Quantity buttons",
              "fullTitle": "Testing Sizes, Items and Shopping Cart Test Quantity buttons",
              "timedOut": null,
              "duration": 1614,
              "state": "passed",
              "speed": "fast",
              "pass": true,
              "fail": false,
              "pending": false,
              "context": null,
              "code": "Stefi.Sizes([\"M\", \"L\", \"XL\"]);\nStefi.SelectItems([\"Cropped Stay Groovy off white\"]);\nStefi.CloseCart();\n//cy.wait(2000)\nStefi.SelectItems([\"Basic Cactus White T-shirt\"]);\nStefi.CloseCart();\n//cy.wait(2000)\nStefi.Cart();",
              "err": {},
              "uuid": "699551fe-4fc6-40e1-9285-695917149916",
              "parentUUID": "44e7caa0-c858-4f59-82a2-0281604fabe5",
              "isHook": false,
              "skipped": false
            }
          ],
          "suites": [],
          "passes": [
            "445ba4eb-5ac9-4b52-8b9a-ab5511cb37d4",
            "2552fe93-e962-489d-9d9c-0936cd0fbd69",
            "699551fe-4fc6-40e1-9285-695917149916"
          ],
          "failures": [],
          "pending": [],
          "skipped": [],
          "duration": 4754,
          "root": false,
          "rootEmpty": false,
          "_timeout": 2000
        }
      ],
      "passes": [],
      "failures": [],
      "pending": [],
      "skipped": [],
      "duration": 0,
      "root": true,
      "rootEmpty": true,
      "_timeout": 2000
    },
    {
      "uuid": "251a81a5-2658-41a1-9a8e-e4e8efcdefbd",
      "title": "",
      "fullFile": "test\\cypress\\e2e\\ShadowTest\\shadow.cy.js",
      "file": "test\\cypress\\e2e\\ShadowTest\\shadow.cy.js",
      "beforeHooks": [],
      "afterHooks": [],
      "tests": [],
      "suites": [
        {
          "uuid": "9fef1093-e3d1-4097-89dd-eaa528af6a58",
          "title": "Test the core functionalities of the website including interactions with shadow DOM elements STEFI1",
          "fullFile": "",
          "file": "",
          "beforeHooks": [],
          "afterHooks": [],
          "tests": [
            {
              "title": "Verify images on Product Pages and Listings",
              "fullTitle": "Test the core functionalities of the website including interactions with shadow DOM elements STEFI1 Verify images on Product Pages and Listings",
              "timedOut": null,
              "duration": 15893,
              "state": "passed",
              "speed": "slow",
              "pass": true,
              "fail": false,
              "pending": false,
              "context": null,
              "code": "_shadowElements.GetShadow.LadiesMenu();\n(0, _Helpers.longWait)().then(() => {\n  _shadowElements.GetShadow.ColorblockJacket();\n});\n_shadowElements.GetShadow.elements.LadiesColoblockJacket().should('have.attr', 'src').and('match', /.*\\.jpg$/);\n(0, _Helpers.mediumWait)().then(() => {\n  _shadowElements.GetShadow.LadiesMenu();\n});\n_shadowElements.GetShadow.SonomaJacket();\n_shadowElements.GetShadow.elements.LadiesSonomaJacket().should('have.attr', 'src').and('match', /.*\\.jpg$/);\n(0, _Helpers.mediumWait)().then(() => {\n  _shadowElements.GetShadow.MensMenu();\n});\n_shadowElements.GetShadow.GoogleTShirt();\n_shadowElements.GetShadow.elements.BasicGoogleTshirt().should('have.attr', 'src').and('match', /.*\\.jpg$/);\n(0, _Helpers.mediumWait)().then(() => {\n  _shadowElements.GetShadow.MensMenu();\n});\n_shadowElements.GetShadow.MapsTshirt();\n_shadowElements.GetShadow.elements.GoogleMapsTshirt().should('have.attr', 'src').and('match', /.*\\.jpg$/);\n(0, _Helpers.shortWait)();",
              "err": {},
              "uuid": "9d10c07b-d559-4e0a-a1be-92852e3ec90c",
              "parentUUID": "9fef1093-e3d1-4097-89dd-eaa528af6a58",
              "isHook": false,
              "skipped": false
            },
            {
              "title": "Verify size and quantity selection in product and cart",
              "fullTitle": "Test the core functionalities of the website including interactions with shadow DOM elements STEFI1 Verify size and quantity selection in product and cart",
              "timedOut": null,
              "duration": 16078,
              "state": "passed",
              "speed": "slow",
              "pass": true,
              "fail": false,
              "pending": false,
              "context": null,
              "code": "_shadowElements.GetShadow.LadiesMenu();\n(0, _Helpers.shortWait)().then(() => {\n  _shadowElements.GetShadow.SonomaJacket();\n});\n_shadowElements.GetShadow.Quantity('2');\n_shadowElements.GetShadow.Size('XL');\n(0, _Helpers.mediumWait)().then(() => {\n  _shadowElements.GetShadow.AddtoCart();\n});\n_shadowElements.GetShadow.elements.QuantitySelect().should('have.value', '2');\n_shadowElements.GetShadow.elements.SizeSelect().should('have.value', 'XL');\n(0, _Helpers.mediumWait)().then(() => {\n  _shadowElements.GetShadow.MensMenu();\n});\n_shadowElements.GetShadow.GoogleTShirt();\n_shadowElements.GetShadow.Quantity('3');\n_shadowElements.GetShadow.Size('S');\n(0, _Helpers.mediumWait)().then(() => {\n  _shadowElements.GetShadow.AddtoCart();\n});\n_shadowElements.GetShadow.elements.QuantitySelect().should('have.value', '3');\n_shadowElements.GetShadow.elements.SizeSelect().should('have.value', 'S');\n_shadowElements.GetShadow.ViewCart();\n(0, _Helpers.mediumWait)().then(() => {\n  _shadowElements.GetShadow.QuantityCart('5');\n});\n_shadowElements.GetShadow.elements.QuantitySelectinCart().should('have.value', '5');\n(0, _Helpers.longWait)();",
              "err": {},
              "uuid": "a0a344d3-7055-4f88-aa6f-879c712248a6",
              "parentUUID": "9fef1093-e3d1-4097-89dd-eaa528af6a58",
              "isHook": false,
              "skipped": false
            },
            {
              "title": "Verify adding and removing multiple items to cart",
              "fullTitle": "Test the core functionalities of the website including interactions with shadow DOM elements STEFI1 Verify adding and removing multiple items to cart",
              "timedOut": null,
              "duration": 9677,
              "state": "failed",
              "speed": null,
              "pass": false,
              "fail": true,
              "pending": false,
              "context": "[\n  \"assets/shadow.cy.js/Test the core functionalities of the website including interactions with shadow DOM elements STEFI1 -- Verify adding and removing multiple items to cart (failed).png\",\n  \"assests/shadow.cy.js.mp4\"\n]",
              "code": "_shadowElements.GetShadow.LadiesMenu();\n(0, _Helpers.shortWait)().then(() => {\n  _shadowElements.GetShadow.ColorblockJacket();\n});\n(0, _Helpers.shortWait)().then(() => {\n  _shadowElements.GetShadow.AddtoCart();\n});\n_shadowElements.GetShadow.elements.AddedToCart().should('have.text', 'Added to cart');\n_shadowElements.GetShadow.ViewCart();\n(0, _Helpers.mediumWait)().then(() => {\n  _shadowElements.GetShadow.Remove();\n});\n_shadowElements.GetShadow.elements.EmptyCart().should('have.text', '(0 items)');\n(0, _Helpers.longWait)();",
              "err": {
                "message": "AssertionError: Timed out retrying after 4000ms: expected '<span>' to have text '(0 items)', but the text was '(2 items)'",
                "estack": "AssertionError: Timed out retrying after 4000ms: expected '<span>' to have text '(0 items)', but the text was '(2 items)'\n    at Context.eval (webpack:///./test/cypress/e2e/ShadowTest/shadow.cy.js:91:7)",
                "diff": "- '(2 items)'\n+ '(0 items)'\n"
              },
              "uuid": "27793524-b603-40f4-ad58-6389af97562a",
              "parentUUID": "9fef1093-e3d1-4097-89dd-eaa528af6a58",
              "isHook": false,
              "skipped": false
            },
            {
              "title": "Verify checkout flow and functionalities (Shadow DOM)",
              "fullTitle": "Test the core functionalities of the website including interactions with shadow DOM elements STEFI1 Verify checkout flow and functionalities (Shadow DOM)",
              "timedOut": null,
              "duration": 15597,
              "state": "failed",
              "speed": null,
              "pass": false,
              "fail": true,
              "pending": false,
              "context": "[\n  \"assets/shadow.cy.js/Test the core functionalities of the website including interactions with shadow DOM elements STEFI1 -- Verify checkout flow and functionalities (Shadow DOM) (failed).png\",\n  \"assests/shadow.cy.js.mp4\"\n]",
              "code": "_shadowElements.GetShadow.LadiesMenu();\n(0, _Helpers.mediumWait)().then(() => {\n  _shadowElements.GetShadow.ColorblockJacket();\n});\n_shadowElements.GetShadow.Quantity('5');\n_shadowElements.GetShadow.elements.QuantitySelect().should('have.value', '5');\n_shadowElements.GetShadow.AddtoCart();\n_shadowElements.GetShadow.elements.AddedToCart().should('have.text', 'Added to cart');\n(0, _Helpers.mediumWait)().then(() => {\n  _shadowElements.GetShadow.LadiesMenu();\n});\n_shadowElements.GetShadow.SonomaJacket();\n_shadowElements.GetShadow.Quantity('3');\n_shadowElements.GetShadow.elements.QuantitySelect().should('have.value', '3');\n(0, _Helpers.mediumWait)().then(() => {\n  _shadowElements.GetShadow.AddtoCart();\n});\n_shadowElements.GetShadow.elements.AddedToCart().should('have.text', 'Added to cart');\n(0, _Helpers.shortWait)().then(() => {\n  _shadowElements.GetShadow.ViewCart();\n});\n(0, _Helpers.shortWait)().then(() => {\n  _shadowElements.GetShadow.elements.EmptyCart().should('have.text', '(2 items)');\n});\n_shadowElements.GetShadow.Checkout();\n(0, _Helpers.mediumWait)().then(() => {\n  _shadowElements.GetShadow.fillBillingForm('CheckoutData');\n});\n_shadowElements.GetShadow.PlaceOrder();\n_shadowElements.GetShadow.elements.SuccessfulPurchase().should('have.text', 'Thank you');\n(0, _Helpers.mediumWait)();\n_shadowElements.GetShadow.Finish();\n(0, _Helpers.mediumWait)();",
              "err": {
                "message": "AssertionError: Timed out retrying after 4000ms: expected '<span>' to have text '(2 items)', but the text was '(3 items)'",
                "estack": "AssertionError: Timed out retrying after 4000ms: expected '<span>' to have text '(2 items)', but the text was '(3 items)'\n    at Context.eval (webpack:///./test/cypress/e2e/ShadowTest/shadow.cy.js:123:13)",
                "diff": "- '(3 items)'\n+ '(2 items)'\n"
              },
              "uuid": "863167ad-a614-420b-a4ce-c76f218142eb",
              "parentUUID": "9fef1093-e3d1-4097-89dd-eaa528af6a58",
              "isHook": false,
              "skipped": false
            }
          ],
          "suites": [],
          "passes": [
            "9d10c07b-d559-4e0a-a1be-92852e3ec90c",
            "a0a344d3-7055-4f88-aa6f-879c712248a6"
          ],
          "failures": [
            "27793524-b603-40f4-ad58-6389af97562a",
            "863167ad-a614-420b-a4ce-c76f218142eb"
          ],
          "pending": [],
          "skipped": [],
          "duration": 57245,
          "root": false,
          "rootEmpty": false,
          "_timeout": 2000
        }
      ],
      "passes": [],
      "failures": [],
      "pending": [],
      "skipped": [],
      "duration": 0,
      "root": true,
      "rootEmpty": true,
      "_timeout": 2000
    }
  ],
  "meta": {
    "mocha": {
      "version": "7.0.1"
    },
    "mochawesome": {
      "options": {
        "quiet": false,
        "reportFilename": "mochawesome",
        "saveHtml": false,
        "saveJson": true,
        "consoleReporter": "spec",
        "useInlineDiffs": false,
        "code": true
      },
      "version": "7.1.3"
    },
    "marge": {
      "options": {
        "overwrite": false,
        "reportPageTitle": "Stefi",
        "html": false,
        "json": true,
        "charts": true,
        "embeddedScreenshots": true,
        "saveAllAttempts": false,
        "screenshotOnRunFailure": true,
        "inlineAssets": true,
        "reportDir": "cypress/reports/mocha"
      },
      "version": "6.2.0"
    }
  }
}