{
  "stats": {
    "suites": 10,
    "tests": 17,
    "passes": 16,
    "pending": 0,
    "failures": 1,
    "testsRegistered": 17,
    "passPercent": 94.11764705882354,
    "pendingPercent": 0,
    "other": 0,
    "hasOther": false,
    "skipped": 0,
    "hasSkipped": false,
    "start": "2024-03-22T10:09:06.126Z",
    "end": "2024-03-25T10:31:19.492Z",
    "duration": 260533366
  },
  "results": [
    {
      "uuid": "d66b7d89-6ac2-4b9b-862f-a75d02750346",
      "title": "",
      "fullFile": "test\\cypress\\e2e\\ShadowTest\\shadow.cy.js",
      "file": "test\\cypress\\e2e\\ShadowTest\\shadow.cy.js",
      "beforeHooks": [],
      "afterHooks": [],
      "tests": [],
      "suites": [
        {
          "uuid": "ebc50085-0739-42dc-a467-026feaa250b1",
          "title": "Test the core functionalities of the website including interactions with shadow DOM elements",
          "fullFile": "",
          "file": "",
          "beforeHooks": [],
          "afterHooks": [],
          "tests": [
            {
              "title": "Verify checkout flow and functionalities (Shadow DOM)",
              "fullTitle": "Test the core functionalities of the website including interactions with shadow DOM elements Verify checkout flow and functionalities (Shadow DOM)",
              "timedOut": null,
              "duration": 30598,
              "state": "passed",
              "speed": "slow",
              "pass": true,
              "fail": false,
              "pending": false,
              "context": null,
              "code": "_shadowElements.GetShadow.LadiesMenu();\n(0, _Helpers.mediumWait)().then(() => {\n  _shadowElements.GetShadow.ColorblockJacket();\n});\n_shadowElements.GetShadow.Quantity('5');\n_shadowElements.GetShadow.elements.QuantitySelect().should('have.value', '5');\n_shadowElements.GetShadow.AddtoCart();\n_shadowElements.GetShadow.elements.AddedToCart().should('have.text', 'Added to cart');\n(0, _Helpers.mediumWait)().then(() => {\n  _shadowElements.GetShadow.LadiesMenu();\n});\n_shadowElements.GetShadow.SonomaJacket();\n_shadowElements.GetShadow.Quantity('3');\n_shadowElements.GetShadow.elements.QuantitySelect().should('have.value', '3');\n(0, _Helpers.mediumWait)().then(() => {\n  _shadowElements.GetShadow.AddtoCart();\n});\n_shadowElements.GetShadow.elements.AddedToCart().should('have.text', 'Added to cart');\n(0, _Helpers.shortWait)().then(() => {\n  _shadowElements.GetShadow.ViewCart();\n});\n(0, _Helpers.shortWait)().then(() => {\n  _shadowElements.GetShadow.elements.EmptyCart().should('have.text', '(2 items)');\n});\n_shadowElements.GetShadow.Checkout();\n(0, _Helpers.mediumWait)().then(() => {\n  _shadowElements.GetShadow.fillBillingForm('CheckoutData');\n});\n_shadowElements.GetShadow.PlaceOrder();\n_shadowElements.GetShadow.elements.SuccessfulPurchase().should('have.text', 'Thank you');\n(0, _Helpers.mediumWait)();\n_shadowElements.GetShadow.Finish();\n(0, _Helpers.mediumWait)();",
              "err": {},
              "uuid": "387b3736-864e-45cb-b3a2-3a317c577385",
              "parentUUID": "ebc50085-0739-42dc-a467-026feaa250b1",
              "isHook": false,
              "skipped": false
            }
          ],
          "suites": [],
          "passes": [
            "387b3736-864e-45cb-b3a2-3a317c577385"
          ],
          "failures": [],
          "pending": [],
          "skipped": [],
          "duration": 30598,
          "root": false,
          "rootEmpty": false,
          "_timeout": 2000
        }
      ],
      "passes": [],
      "failures": [],
      "pending": [],
      "skipped": [],
      "duration": 0,
      "root": true,
      "rootEmpty": true,
      "_timeout": 2000
    },
    {
      "uuid": "8752406d-0da9-4beb-ba3b-a1f448614ea4",
      "title": "",
      "fullFile": "test\\cypress\\e2e\\ShadowTest\\shadow.cy.js",
      "file": "test\\cypress\\e2e\\ShadowTest\\shadow.cy.js",
      "beforeHooks": [],
      "afterHooks": [],
      "tests": [],
      "suites": [
        {
          "uuid": "55c496d0-8972-40b8-9e86-5c026e600d69",
          "title": "Test the core functionalities of the website including interactions with shadow DOM elements",
          "fullFile": "",
          "file": "",
          "beforeHooks": [],
          "afterHooks": [],
          "tests": [
            {
              "title": "Verify checkout flow and functionalities (Shadow DOM)",
              "fullTitle": "Test the core functionalities of the website including interactions with shadow DOM elements Verify checkout flow and functionalities (Shadow DOM)",
              "timedOut": null,
              "duration": 25943,
              "state": "passed",
              "speed": "slow",
              "pass": true,
              "fail": false,
              "pending": false,
              "context": null,
              "code": "_shadowElements.GetShadow.LadiesMenu();\n(0, _Helpers.mediumWait)().then(() => {\n  _shadowElements.GetShadow.ColorblockJacket();\n});\n_shadowElements.GetShadow.Quantity('5');\n_shadowElements.GetShadow.elements.QuantitySelect().should('have.value', '5');\n_shadowElements.GetShadow.AddtoCart();\n_shadowElements.GetShadow.elements.AddedToCart().should('have.text', 'Added to cart');\n(0, _Helpers.mediumWait)().then(() => {\n  _shadowElements.GetShadow.LadiesMenu();\n});\n_shadowElements.GetShadow.SonomaJacket();\n_shadowElements.GetShadow.Quantity('3');\n_shadowElements.GetShadow.elements.QuantitySelect().should('have.value', '3');\n(0, _Helpers.mediumWait)().then(() => {\n  _shadowElements.GetShadow.AddtoCart();\n});\n_shadowElements.GetShadow.elements.AddedToCart().should('have.text', 'Added to cart');\n(0, _Helpers.shortWait)().then(() => {\n  _shadowElements.GetShadow.ViewCart();\n});\n(0, _Helpers.shortWait)().then(() => {\n  _shadowElements.GetShadow.elements.EmptyCart().should('have.text', '(2 items)');\n});\n_shadowElements.GetShadow.Checkout();\n(0, _Helpers.mediumWait)().then(() => {\n  _shadowElements.GetShadow.fillBillingForm('CheckoutData');\n});\n_shadowElements.GetShadow.PlaceOrder();\n_shadowElements.GetShadow.elements.SuccessfulPurchase().should('have.text', 'Thank you');\n(0, _Helpers.mediumWait)();\n_shadowElements.GetShadow.Finish();\n(0, _Helpers.mediumWait)();",
              "err": {},
              "uuid": "ec78b76a-a46b-40f9-b167-5560356be522",
              "parentUUID": "55c496d0-8972-40b8-9e86-5c026e600d69",
              "isHook": false,
              "skipped": false
            }
          ],
          "suites": [],
          "passes": [
            "ec78b76a-a46b-40f9-b167-5560356be522"
          ],
          "failures": [],
          "pending": [],
          "skipped": [],
          "duration": 25943,
          "root": false,
          "rootEmpty": false,
          "_timeout": 2000
        }
      ],
      "passes": [],
      "failures": [],
      "pending": [],
      "skipped": [],
      "duration": 0,
      "root": true,
      "rootEmpty": true,
      "_timeout": 2000
    },
    {
      "uuid": "ee181c3e-c460-42c8-8694-0050d9ce9e96",
      "title": "",
      "fullFile": "test\\cypress\\e2e\\ShoppingCart\\ShoppingCartTest.cy.js",
      "file": "test\\cypress\\e2e\\ShoppingCart\\ShoppingCartTest.cy.js",
      "beforeHooks": [],
      "afterHooks": [],
      "tests": [],
      "suites": [
        {
          "uuid": "f8965778-1c61-4672-b715-d0c39d535575",
          "title": "Testing Sizes, Items and Shopping Cart",
          "fullFile": "",
          "file": "",
          "beforeHooks": [],
          "afterHooks": [],
          "tests": [
            {
              "title": "Test Size buttons",
              "fullTitle": "Testing Sizes, Items and Shopping Cart Test Size buttons",
              "timedOut": null,
              "duration": 1852,
              "state": "passed",
              "speed": "fast",
              "pass": true,
              "fail": false,
              "pending": false,
              "context": null,
              "code": "Stefi.Sizes([\"M\", \"L\", \"S\", \"XXL\"]);",
              "err": {},
              "uuid": "f2f30fd8-88bf-442c-850f-0fb9ea05b60e",
              "parentUUID": "f8965778-1c61-4672-b715-d0c39d535575",
              "isHook": false,
              "skipped": false
            },
            {
              "title": "Test Add To Cart buttons",
              "fullTitle": "Testing Sizes, Items and Shopping Cart Test Add To Cart buttons",
              "timedOut": null,
              "duration": 1273,
              "state": "passed",
              "speed": "fast",
              "pass": true,
              "fail": false,
              "pending": false,
              "context": null,
              "code": "Stefi.Sizes([\"M\", \"L\", \"XL\"]);\nStefi.SelectItems([\"Cropped Stay Groovy off white\"]);\nStefi.CloseCart();\n//cy.wait(2000)\nStefi.SelectItems([\"Basic Cactus White T-shirt\"]);\nStefi.CloseCart();\n//cy.wait(2000)\nStefi.SelectItems([\"Marine Blue T-shirt\"]);\n//cy.wait(2000)",
              "err": {},
              "uuid": "06f8e116-202d-4446-b436-1c088e7da4f9",
              "parentUUID": "f8965778-1c61-4672-b715-d0c39d535575",
              "isHook": false,
              "skipped": false
            },
            {
              "title": "Test Quantity buttons",
              "fullTitle": "Testing Sizes, Items and Shopping Cart Test Quantity buttons",
              "timedOut": null,
              "duration": 1675,
              "state": "passed",
              "speed": "fast",
              "pass": true,
              "fail": false,
              "pending": false,
              "context": null,
              "code": "Stefi.Sizes([\"M\", \"L\", \"XL\"]);\nStefi.SelectItems([\"Cropped Stay Groovy off white\"]);\nStefi.CloseCart();\n//cy.wait(2000)\nStefi.SelectItems([\"Basic Cactus White T-shirt\"]);\nStefi.CloseCart();\n//cy.wait(2000)\nStefi.Cart();",
              "err": {},
              "uuid": "a25a03d5-bbdc-4032-80ca-a277a7bc1cb7",
              "parentUUID": "f8965778-1c61-4672-b715-d0c39d535575",
              "isHook": false,
              "skipped": false
            }
          ],
          "suites": [],
          "passes": [
            "f2f30fd8-88bf-442c-850f-0fb9ea05b60e",
            "06f8e116-202d-4446-b436-1c088e7da4f9",
            "a25a03d5-bbdc-4032-80ca-a277a7bc1cb7"
          ],
          "failures": [],
          "pending": [],
          "skipped": [],
          "duration": 4800,
          "root": false,
          "rootEmpty": false,
          "_timeout": 2000
        }
      ],
      "passes": [],
      "failures": [],
      "pending": [],
      "skipped": [],
      "duration": 0,
      "root": true,
      "rootEmpty": true,
      "_timeout": 2000
    },
    {
      "uuid": "0c1281bf-9313-419e-bcf8-92a44887cb27",
      "title": "",
      "fullFile": "test\\cypress\\e2e\\ShoppingCart\\ShoppingCartTest.cy.js",
      "file": "test\\cypress\\e2e\\ShoppingCart\\ShoppingCartTest.cy.js",
      "beforeHooks": [],
      "afterHooks": [],
      "tests": [],
      "suites": [
        {
          "uuid": "13af9a1b-5bb5-472d-8886-04497a28b728",
          "title": "Testing Sizes, Items and Shopping Cart",
          "fullFile": "",
          "file": "",
          "beforeHooks": [],
          "afterHooks": [],
          "tests": [
            {
              "title": "Test Size buttons",
              "fullTitle": "Testing Sizes, Items and Shopping Cart Test Size buttons",
              "timedOut": null,
              "duration": 1816,
              "state": "passed",
              "speed": "fast",
              "pass": true,
              "fail": false,
              "pending": false,
              "context": null,
              "code": "Stefi.Sizes([\"M\", \"L\", \"S\", \"XXL\"]);",
              "err": {},
              "uuid": "5c3a0d43-8e8d-4085-8b96-2b337f13cdec",
              "parentUUID": "13af9a1b-5bb5-472d-8886-04497a28b728",
              "isHook": false,
              "skipped": false
            },
            {
              "title": "Test Add To Cart buttons",
              "fullTitle": "Testing Sizes, Items and Shopping Cart Test Add To Cart buttons",
              "timedOut": null,
              "duration": 1321,
              "state": "passed",
              "speed": "fast",
              "pass": true,
              "fail": false,
              "pending": false,
              "context": null,
              "code": "Stefi.Sizes([\"M\", \"L\", \"XL\"]);\nStefi.SelectItems([\"Cropped Stay Groovy off white\"]);\nStefi.CloseCart();\n//cy.wait(2000)\nStefi.SelectItems([\"Basic Cactus White T-shirt\"]);\nStefi.CloseCart();\n//cy.wait(2000)\nStefi.SelectItems([\"Marine Blue T-shirt\"]);\n//cy.wait(2000)",
              "err": {},
              "uuid": "0622d13a-42ca-4555-930c-747056bd5509",
              "parentUUID": "13af9a1b-5bb5-472d-8886-04497a28b728",
              "isHook": false,
              "skipped": false
            },
            {
              "title": "Test Quantity buttons",
              "fullTitle": "Testing Sizes, Items and Shopping Cart Test Quantity buttons",
              "timedOut": null,
              "duration": 1628,
              "state": "passed",
              "speed": "fast",
              "pass": true,
              "fail": false,
              "pending": false,
              "context": null,
              "code": "Stefi.Sizes([\"M\", \"L\", \"XL\"]);\nStefi.SelectItems([\"Cropped Stay Groovy off white\"]);\nStefi.CloseCart();\n//cy.wait(2000)\nStefi.SelectItems([\"Basic Cactus White T-shirt\"]);\nStefi.CloseCart();\n//cy.wait(2000)\nStefi.Cart();",
              "err": {},
              "uuid": "491c2dc3-adbe-4a22-a1c4-21a9a8dd3a35",
              "parentUUID": "13af9a1b-5bb5-472d-8886-04497a28b728",
              "isHook": false,
              "skipped": false
            }
          ],
          "suites": [],
          "passes": [
            "5c3a0d43-8e8d-4085-8b96-2b337f13cdec",
            "0622d13a-42ca-4555-930c-747056bd5509",
            "491c2dc3-adbe-4a22-a1c4-21a9a8dd3a35"
          ],
          "failures": [],
          "pending": [],
          "skipped": [],
          "duration": 4765,
          "root": false,
          "rootEmpty": false,
          "_timeout": 2000
        }
      ],
      "passes": [],
      "failures": [],
      "pending": [],
      "skipped": [],
      "duration": 0,
      "root": true,
      "rootEmpty": true,
      "_timeout": 2000
    },
    {
      "uuid": "9204a6a6-f0d7-431c-b520-df86d17b1706",
      "title": "",
      "fullFile": "test\\cypress\\e2e\\ShadowTest\\shadow.cy.js",
      "file": "test\\cypress\\e2e\\ShadowTest\\shadow.cy.js",
      "beforeHooks": [],
      "afterHooks": [],
      "tests": [],
      "suites": [
        {
          "uuid": "90ad9853-198e-4023-9016-e8b80d746dc3",
          "title": "Test the core functionalities of the website including interactions with shadow DOM elements",
          "fullFile": "",
          "file": "",
          "beforeHooks": [],
          "afterHooks": [],
          "tests": [
            {
              "title": "Verify checkout flow and functionalities (Shadow DOM)",
              "fullTitle": "Test the core functionalities of the website including interactions with shadow DOM elements Verify checkout flow and functionalities (Shadow DOM)",
              "timedOut": null,
              "duration": 25649,
              "state": "passed",
              "speed": "slow",
              "pass": true,
              "fail": false,
              "pending": false,
              "context": null,
              "code": "_shadowElements.GetShadow.LadiesMenu();\n(0, _Helpers.mediumWait)().then(() => {\n  _shadowElements.GetShadow.ColorblockJacket();\n});\n_shadowElements.GetShadow.Quantity('5');\n_shadowElements.GetShadow.elements.QuantitySelect().should('have.value', '5');\n_shadowElements.GetShadow.AddtoCart();\n_shadowElements.GetShadow.elements.AddedToCart().should('have.text', 'Added to cart');\n(0, _Helpers.mediumWait)().then(() => {\n  _shadowElements.GetShadow.LadiesMenu();\n});\n_shadowElements.GetShadow.SonomaJacket();\n_shadowElements.GetShadow.Quantity('3');\n_shadowElements.GetShadow.elements.QuantitySelect().should('have.value', '3');\n(0, _Helpers.mediumWait)().then(() => {\n  _shadowElements.GetShadow.AddtoCart();\n});\n_shadowElements.GetShadow.elements.AddedToCart().should('have.text', 'Added to cart');\n(0, _Helpers.shortWait)().then(() => {\n  _shadowElements.GetShadow.ViewCart();\n});\n(0, _Helpers.shortWait)().then(() => {\n  _shadowElements.GetShadow.elements.EmptyCart().should('have.text', '(2 items)');\n});\n_shadowElements.GetShadow.Checkout();\n(0, _Helpers.mediumWait)().then(() => {\n  _shadowElements.GetShadow.fillBillingForm('CheckoutData');\n});\n_shadowElements.GetShadow.PlaceOrder();\n_shadowElements.GetShadow.elements.SuccessfulPurchase().should('have.text', 'Thank you');\n(0, _Helpers.mediumWait)();\n_shadowElements.GetShadow.Finish();\n(0, _Helpers.mediumWait)();",
              "err": {},
              "uuid": "1d905abb-f634-42f7-bc90-a666f77d8f3b",
              "parentUUID": "90ad9853-198e-4023-9016-e8b80d746dc3",
              "isHook": false,
              "skipped": false
            }
          ],
          "suites": [],
          "passes": [
            "1d905abb-f634-42f7-bc90-a666f77d8f3b"
          ],
          "failures": [],
          "pending": [],
          "skipped": [],
          "duration": 25649,
          "root": false,
          "rootEmpty": false,
          "_timeout": 2000
        }
      ],
      "passes": [],
      "failures": [],
      "pending": [],
      "skipped": [],
      "duration": 0,
      "root": true,
      "rootEmpty": true,
      "_timeout": 2000
    },
    {
      "uuid": "cbb9fdc5-4656-49ea-8c23-08e5c3303be4",
      "title": "",
      "fullFile": "test\\cypress\\e2e\\iFrame\\iFrameTest.cy.js",
      "file": "test\\cypress\\e2e\\iFrame\\iFrameTest.cy.js",
      "beforeHooks": [],
      "afterHooks": [],
      "tests": [],
      "suites": [
        {
          "uuid": "e0b0e88f-d1f7-4c07-9151-672070d7428b",
          "title": "Test Iframe input results and click on element in iframe",
          "fullFile": "",
          "file": "",
          "beforeHooks": [],
          "afterHooks": [],
          "tests": [
            {
              "title": "Input results and click on a search result",
              "fullTitle": "Test Iframe input results and click on element in iframe Input results and click on a search result",
              "timedOut": null,
              "duration": 8246,
              "state": "failed",
              "speed": null,
              "pass": false,
              "fail": true,
              "pending": false,
              "context": null,
              "code": "Choose.ChooseSearchEngine('info.com');\nChoose.Type('Stefi');\nChoose.ClickSearchBtn();\ncy.wait(3000);\ncy.log('Stefi');\ngetIframeBody().find('[data-extra*=\"position=2\"]').should('have.text', 'Stefi – Wikipédia');\ncy.wait(3000);",
              "err": {
                "message": "AssertionError: Timed out retrying after 4000ms: expected '<a.web-yahoo__title>' to have text 'Stefi – Wikipédia', but the text was 'STEFI - YouTube'",
                "estack": "AssertionError: Timed out retrying after 4000ms: expected '<a.web-yahoo__title>' to have text 'Stefi – Wikipédia', but the text was 'STEFI - YouTube'\n    at Context.eval (webpack:///./test/cypress/e2e/iFrame/iFrameTest.cy.js:25:55)",
                "diff": "- 'STEFI - YouTube'\n+ 'Stefi – Wikipédia'\n"
              },
              "uuid": "71927071-7b29-4217-80e5-10926a35525c",
              "parentUUID": "e0b0e88f-d1f7-4c07-9151-672070d7428b",
              "isHook": false,
              "skipped": false
            },
            {
              "title": "Clear search input and try with another search engine",
              "fullTitle": "Test Iframe input results and click on element in iframe Clear search input and try with another search engine",
              "timedOut": null,
              "duration": 8984,
              "state": "passed",
              "speed": "medium",
              "pass": true,
              "fail": false,
              "pending": false,
              "context": null,
              "code": "Choose.ChooseSearchEngine('bing.com');\nChoose.Type('Cypress');\nChoose.ClickSearchBtn();\ncy.wait(5000);\ngetIframeBody().find('h2 [href=\"https://github.com/cypress-io/cypress\"]').should('have.text', 'GitHub - cypress-io/cypress: Fast, easy and reliable …');\ncy.wait(3000);",
              "err": {},
              "uuid": "bcf06d21-539f-4a7f-a4c0-295a97c98bcc",
              "parentUUID": "e0b0e88f-d1f7-4c07-9151-672070d7428b",
              "isHook": false,
              "skipped": false
            }
          ],
          "suites": [],
          "passes": [
            "bcf06d21-539f-4a7f-a4c0-295a97c98bcc"
          ],
          "failures": [
            "71927071-7b29-4217-80e5-10926a35525c"
          ],
          "pending": [],
          "skipped": [],
          "duration": 17230,
          "root": false,
          "rootEmpty": false,
          "_timeout": 2000
        }
      ],
      "passes": [],
      "failures": [],
      "pending": [],
      "skipped": [],
      "duration": 0,
      "root": true,
      "rootEmpty": true,
      "_timeout": 2000
    },
    {
      "uuid": "f8a63a2a-29de-4584-97b5-28f3024e2b9e",
      "title": "",
      "fullFile": "test\\cypress\\e2e\\dropdownList\\TestList.cy.js",
      "file": "test\\cypress\\e2e\\dropdownList\\TestList.cy.js",
      "beforeHooks": [],
      "afterHooks": [],
      "tests": [],
      "suites": [
        {
          "uuid": "ba5b0f51-35ab-41d8-b416-ef8f444113c0",
          "title": "Test Dropdown list",
          "fullFile": "",
          "file": "",
          "beforeHooks": [],
          "afterHooks": [],
          "tests": [
            {
              "title": "Test chosen value from dropdown",
              "fullTitle": "Test Dropdown list Test chosen value from dropdown",
              "timedOut": null,
              "duration": 1889,
              "state": "passed",
              "speed": "fast",
              "pass": true,
              "fail": false,
              "pending": false,
              "context": null,
              "code": "Stefi.Selectdropdown('Option 2');\n//cy.get('#dropdown').find('option[value=\"2\"]').should(\"be.selected\");\nStefi.elements.Dropdown().find('option[value=\"2\"]').should(\"be.selected\");",
              "err": {},
              "uuid": "e7d00ff9-1bee-42da-b34d-726d014afa37",
              "parentUUID": "ba5b0f51-35ab-41d8-b416-ef8f444113c0",
              "isHook": false,
              "skipped": false
            }
          ],
          "suites": [],
          "passes": [
            "e7d00ff9-1bee-42da-b34d-726d014afa37"
          ],
          "failures": [],
          "pending": [],
          "skipped": [],
          "duration": 1889,
          "root": false,
          "rootEmpty": false,
          "_timeout": 2000
        }
      ],
      "passes": [],
      "failures": [],
      "pending": [],
      "skipped": [],
      "duration": 0,
      "root": true,
      "rootEmpty": true,
      "_timeout": 2000
    },
    {
      "uuid": "0828a9b9-9969-4649-bfc8-143886549200",
      "title": "",
      "fullFile": "test\\cypress\\e2e\\Input\\InputTest.cy.js",
      "file": "test\\cypress\\e2e\\Input\\InputTest.cy.js",
      "beforeHooks": [],
      "afterHooks": [],
      "tests": [],
      "suites": [
        {
          "uuid": "1015859d-3091-4997-b348-9c9117fa4fe1",
          "title": "Test Input value validation",
          "fullFile": "",
          "file": "",
          "beforeHooks": [],
          "afterHooks": [],
          "tests": [
            {
              "title": "Test all input fields",
              "fullTitle": "Test Input value validation Test all input fields",
              "timedOut": null,
              "duration": 2464,
              "state": "passed",
              "speed": "fast",
              "pass": true,
              "fail": false,
              "pending": false,
              "context": null,
              "code": "Input.Firstname('Stefani');\nInput.Lastname('Mnogudolgoprezime');\nInput.Age('26');\nInput.Country('North Macedonia');\nInput.Notes('TEST');\nInput.Submit();\nInput.elements.FirstnameInput().find('#firstname-value').should('have.text', 'Stefani');\nInput.elements.LastnameInput().find('#surname-value').should('have.text', 'Mnogudolgoprezime');\nInput.elements.AgeInput().find('#age-value').should('have.text', '26');\nInput.elements.CountrySelect().find('#country-value').should('have.text', 'North Macedonia');\nInput.elements.NotesInput().find('#notes-value').should('have.text', 'TEST');",
              "err": {},
              "uuid": "511d078b-bc47-4457-962d-92f2fb4c9ce1",
              "parentUUID": "1015859d-3091-4997-b348-9c9117fa4fe1",
              "isHook": false,
              "skipped": false
            }
          ],
          "suites": [],
          "passes": [
            "511d078b-bc47-4457-962d-92f2fb4c9ce1"
          ],
          "failures": [],
          "pending": [],
          "skipped": [],
          "duration": 2464,
          "root": false,
          "rootEmpty": false,
          "_timeout": 2000
        }
      ],
      "passes": [],
      "failures": [],
      "pending": [],
      "skipped": [],
      "duration": 0,
      "root": true,
      "rootEmpty": true,
      "_timeout": 2000
    },
    {
      "uuid": "875b56d4-c601-402e-9ca2-1b2b80ffecef",
      "title": "",
      "fullFile": "test\\cypress\\e2e\\SubmitForm\\SubmitTest.cy.js",
      "file": "test\\cypress\\e2e\\SubmitForm\\SubmitTest.cy.js",
      "beforeHooks": [],
      "afterHooks": [],
      "tests": [],
      "suites": [
        {
          "uuid": "d6dde68a-efe5-4266-8a3b-2bca49b18b52",
          "title": "Test Form submit with math problem",
          "fullFile": "",
          "file": "",
          "beforeHooks": [],
          "afterHooks": [],
          "tests": [
            {
              "title": "Test submit form",
              "fullTitle": "Test Form submit with math problem Test submit form",
              "timedOut": null,
              "duration": 17469,
              "state": "passed",
              "speed": "slow",
              "pass": true,
              "fail": false,
              "pending": false,
              "context": null,
              "code": "Form.FirstInput('Stefani');\ncy.wait(2000);\nForm.MessageOne('This is the first message <3');\ncy.wait(2000);\nForm.SubmitOne();\ncy.wait(2000);\ncy.get('#et_pb_contact_form_0').should('have.text', 'Thanks for contacting us');\nForm.SecondInput('Kiprevska');\ncy.wait(2000);\nForm.MessageTwo('This is the second message </3');\ncy.wait(2000);\nForm.Math('15');\ncy.wait(2000);\nForm.SubmitTwo();\ncy.wait(2000);\ncy.get('#et_pb_contact_form_1').should('have.text', 'Thanks for contacting us');",
              "err": {},
              "uuid": "f3ccef29-2cfd-4e34-a889-5f8eeadb5065",
              "parentUUID": "d6dde68a-efe5-4266-8a3b-2bca49b18b52",
              "isHook": false,
              "skipped": false
            }
          ],
          "suites": [],
          "passes": [
            "f3ccef29-2cfd-4e34-a889-5f8eeadb5065"
          ],
          "failures": [],
          "pending": [],
          "skipped": [],
          "duration": 17469,
          "root": false,
          "rootEmpty": false,
          "_timeout": 2000
        }
      ],
      "passes": [],
      "failures": [],
      "pending": [],
      "skipped": [],
      "duration": 0,
      "root": true,
      "rootEmpty": true,
      "_timeout": 2000
    },
    {
      "uuid": "d8beace6-01d2-488d-8c2d-6a14f3188233",
      "title": "",
      "fullFile": "test\\cypress\\e2e\\ShoppingCart\\ShoppingCartTest.cy.js",
      "file": "test\\cypress\\e2e\\ShoppingCart\\ShoppingCartTest.cy.js",
      "beforeHooks": [],
      "afterHooks": [],
      "tests": [],
      "suites": [
        {
          "uuid": "e415b4e7-bee2-4b2a-a858-7d4ce36ed610",
          "title": "Testing Sizes, Items and Shopping Cart",
          "fullFile": "",
          "file": "",
          "beforeHooks": [],
          "afterHooks": [],
          "tests": [
            {
              "title": "Test Size buttons",
              "fullTitle": "Testing Sizes, Items and Shopping Cart Test Size buttons",
              "timedOut": null,
              "duration": 2741,
              "state": "passed",
              "speed": "fast",
              "pass": true,
              "fail": false,
              "pending": false,
              "context": null,
              "code": "Stefi.Sizes([\"M\", \"L\", \"S\", \"XXL\"]);",
              "err": {},
              "uuid": "cd032a06-b33a-419a-9f1e-695a05393e13",
              "parentUUID": "e415b4e7-bee2-4b2a-a858-7d4ce36ed610",
              "isHook": false,
              "skipped": false
            },
            {
              "title": "Test Add To Cart buttons",
              "fullTitle": "Testing Sizes, Items and Shopping Cart Test Add To Cart buttons",
              "timedOut": null,
              "duration": 1906,
              "state": "passed",
              "speed": "fast",
              "pass": true,
              "fail": false,
              "pending": false,
              "context": null,
              "code": "Stefi.Sizes([\"M\", \"L\", \"XL\"]);\nStefi.SelectItems([\"Cropped Stay Groovy off white\"]);\nStefi.CloseCart();\n//cy.wait(2000)\nStefi.SelectItems([\"Basic Cactus White T-shirt\"]);\nStefi.CloseCart();\n//cy.wait(2000)\nStefi.SelectItems([\"Marine Blue T-shirt\"]);\n//cy.wait(2000)",
              "err": {},
              "uuid": "207b738e-4438-42f4-81f9-e44fa7061719",
              "parentUUID": "e415b4e7-bee2-4b2a-a858-7d4ce36ed610",
              "isHook": false,
              "skipped": false
            },
            {
              "title": "Test Quantity buttons",
              "fullTitle": "Testing Sizes, Items and Shopping Cart Test Quantity buttons",
              "timedOut": null,
              "duration": 1949,
              "state": "passed",
              "speed": "fast",
              "pass": true,
              "fail": false,
              "pending": false,
              "context": null,
              "code": "Stefi.Sizes([\"M\", \"L\", \"XL\"]);\nStefi.SelectItems([\"Cropped Stay Groovy off white\"]);\nStefi.CloseCart();\n//cy.wait(2000)\nStefi.SelectItems([\"Basic Cactus White T-shirt\"]);\nStefi.CloseCart();\n//cy.wait(2000)\nStefi.Cart();",
              "err": {},
              "uuid": "97ee3934-8a0d-4208-a022-d4461717b9a3",
              "parentUUID": "e415b4e7-bee2-4b2a-a858-7d4ce36ed610",
              "isHook": false,
              "skipped": false
            }
          ],
          "suites": [],
          "passes": [
            "cd032a06-b33a-419a-9f1e-695a05393e13",
            "207b738e-4438-42f4-81f9-e44fa7061719",
            "97ee3934-8a0d-4208-a022-d4461717b9a3"
          ],
          "failures": [],
          "pending": [],
          "skipped": [],
          "duration": 6596,
          "root": false,
          "rootEmpty": false,
          "_timeout": 2000
        }
      ],
      "passes": [],
      "failures": [],
      "pending": [],
      "skipped": [],
      "duration": 0,
      "root": true,
      "rootEmpty": true,
      "_timeout": 2000
    }
  ],
  "meta": {
    "mocha": {
      "version": "7.0.1"
    },
    "mochawesome": {
      "options": {
        "quiet": false,
        "reportFilename": "mochawesome",
        "saveHtml": false,
        "saveJson": true,
        "consoleReporter": "spec",
        "useInlineDiffs": false,
        "code": true
      },
      "version": "7.1.3"
    },
    "marge": {
      "options": {
        "overwrite": false,
        "html": false,
        "json": true,
        "reportDir": "cypress/reports/mocha"
      },
      "version": "6.2.0"
    }
  }
}