{
  "stats": {
    "suites": 1,
    "tests": 1,
    "passes": 1,
    "pending": 0,
    "failures": 0,
    "start": "2024-03-27T11:09:19.382Z",
    "end": "2024-03-27T11:09:34.783Z",
    "duration": 15401,
    "testsRegistered": 1,
    "passPercent": 100,
    "pendingPercent": 0,
    "other": 0,
    "hasOther": false,
    "skipped": 0,
    "hasSkipped": false
  },
  "results": [
    {
      "uuid": "dbfd8c20-ea62-43d2-9e17-fe79b9979acd",
      "title": "",
      "fullFile": "test\\cypress\\e2e\\LocationChange\\LocationChangeTest.cy.js",
      "file": "test\\cypress\\e2e\\LocationChange\\LocationChangeTest.cy.js",
      "beforeHooks": [],
      "afterHooks": [],
      "tests": [],
      "suites": [
        {
          "uuid": "c7a21311-fe90-4e0f-a79e-43220ae217dc",
          "title": "Test page navigation and window location change",
          "fullFile": "",
          "file": "",
          "beforeHooks": [],
          "afterHooks": [],
          "tests": [
            {
              "title": "Test Inout field with location change",
              "fullTitle": "Test page navigation and window location change Test Inout field with location change",
              "timedOut": null,
              "duration": 10171,
              "state": "passed",
              "speed": "slow",
              "pass": true,
              "fail": false,
              "pending": false,
              "context": null,
              "code": "Input.Name('Stefani Kiprevska');\nInput.Submit();\ncy.wait(5000);\ncy.url().should('eq', 'https://ultimateqa.com/?firstname=Stefani%20Kiprevska');",
              "err": {},
              "uuid": "3b45af5c-545e-445e-8a89-17387db83ce9",
              "parentUUID": "c7a21311-fe90-4e0f-a79e-43220ae217dc",
              "isHook": false,
              "skipped": false
            }
          ],
          "suites": [],
          "passes": [
            "3b45af5c-545e-445e-8a89-17387db83ce9"
          ],
          "failures": [],
          "pending": [],
          "skipped": [],
          "duration": 10171,
          "root": false,
          "rootEmpty": false,
          "_timeout": 2000
        }
      ],
      "passes": [],
      "failures": [],
      "pending": [],
      "skipped": [],
      "duration": 0,
      "root": true,
      "rootEmpty": true,
      "_timeout": 2000
    }
  ],
  "meta": {
    "mocha": {
      "version": "7.0.1"
    },
    "mochawesome": {
      "options": {
        "quiet": false,
        "reportFilename": "mochawesome",
        "saveHtml": true,
        "saveJson": true,
        "consoleReporter": "spec",
        "useInlineDiffs": false,
        "code": true
      },
      "version": "7.1.3"
    },
    "marge": {
      "options": {
        "overwrite": false,
        "reportPageTitle": "Stefi",
        "charts": true,
        "embeddedScreenshots": true,
        "saveAllAttempts": false,
        "screenshotOnRunFailure": true,
        "inlineAssets": true
      },
      "version": "6.2.0"
    }
  }
}