{
  "stats": {
    "suites": 1,
    "tests": 4,
    "passes": 4,
    "pending": 0,
    "failures": 0,
    "start": "2024-03-27T11:07:27.125Z",
    "end": "2024-03-27T11:08:45.860Z",
    "duration": 78735,
    "testsRegistered": 4,
    "passPercent": 100,
    "pendingPercent": 0,
    "other": 0,
    "hasOther": false,
    "skipped": 0,
    "hasSkipped": false
  },
  "results": [
    {
      "uuid": "9d242ed4-4688-44c3-a90b-0a75f5f99a62",
      "title": "",
      "fullFile": "test\\cypress\\e2e\\ShadowTest\\shadow.cy.js",
      "file": "test\\cypress\\e2e\\ShadowTest\\shadow.cy.js",
      "beforeHooks": [],
      "afterHooks": [],
      "tests": [],
      "suites": [
        {
          "uuid": "c8640624-17bc-46b1-97f3-18e0d660d11e",
          "title": "Test the core functionalities of the website including interactions with shadow DOM elements STEFI1",
          "fullFile": "",
          "file": "",
          "beforeHooks": [],
          "afterHooks": [],
          "tests": [
            {
              "title": "Verify images on Product Pages and Listings",
              "fullTitle": "Test the core functionalities of the website including interactions with shadow DOM elements STEFI1 Verify images on Product Pages and Listings",
              "timedOut": null,
              "duration": 18431,
              "state": "passed",
              "speed": "slow",
              "pass": true,
              "fail": false,
              "pending": false,
              "context": null,
              "code": "_shadowElements.GetShadow.LadiesMenu();\n(0, _Helpers.longWait)().then(() => {\n  _shadowElements.GetShadow.ColorblockJacket();\n});\n_shadowElements.GetShadow.elements.LadiesColoblockJacket().should('have.attr', 'src').and('match', /.*\\.jpg$/);\n(0, _Helpers.mediumWait)().then(() => {\n  _shadowElements.GetShadow.LadiesMenu();\n});\n_shadowElements.GetShadow.SonomaJacket();\n_shadowElements.GetShadow.elements.LadiesSonomaJacket().should('have.attr', 'src').and('match', /.*\\.jpg$/);\n(0, _Helpers.mediumWait)().then(() => {\n  _shadowElements.GetShadow.MensMenu();\n});\n_shadowElements.GetShadow.GoogleTShirt();\n_shadowElements.GetShadow.elements.BasicGoogleTshirt().should('have.attr', 'src').and('match', /.*\\.jpg$/);\n(0, _Helpers.mediumWait)().then(() => {\n  _shadowElements.GetShadow.MensMenu();\n});\n_shadowElements.GetShadow.MapsTshirt();\n_shadowElements.GetShadow.elements.GoogleMapsTshirt().should('have.attr', 'src').and('match', /.*\\.jpg$/);\n(0, _Helpers.shortWait)();",
              "err": {},
              "uuid": "24548beb-f83e-4842-b554-f4c9af5ec93c",
              "parentUUID": "c8640624-17bc-46b1-97f3-18e0d660d11e",
              "isHook": false,
              "skipped": false
            },
            {
              "title": "Verify size and quantity selection in product and cart",
              "fullTitle": "Test the core functionalities of the website including interactions with shadow DOM elements STEFI1 Verify size and quantity selection in product and cart",
              "timedOut": null,
              "duration": 18486,
              "state": "passed",
              "speed": "slow",
              "pass": true,
              "fail": false,
              "pending": false,
              "context": null,
              "code": "_shadowElements.GetShadow.LadiesMenu();\n(0, _Helpers.shortWait)().then(() => {\n  _shadowElements.GetShadow.SonomaJacket();\n});\n_shadowElements.GetShadow.Quantity('2');\n_shadowElements.GetShadow.Size('XL');\n(0, _Helpers.mediumWait)().then(() => {\n  _shadowElements.GetShadow.AddtoCart();\n});\n_shadowElements.GetShadow.elements.QuantitySelect().should('have.value', '2');\n_shadowElements.GetShadow.elements.SizeSelect().should('have.value', 'XL');\n(0, _Helpers.mediumWait)().then(() => {\n  _shadowElements.GetShadow.MensMenu();\n});\n_shadowElements.GetShadow.GoogleTShirt();\n_shadowElements.GetShadow.Quantity('3');\n_shadowElements.GetShadow.Size('S');\n(0, _Helpers.mediumWait)().then(() => {\n  _shadowElements.GetShadow.AddtoCart();\n});\n_shadowElements.GetShadow.elements.QuantitySelect().should('have.value', '3');\n_shadowElements.GetShadow.elements.SizeSelect().should('have.value', 'S');\n_shadowElements.GetShadow.ViewCart();\n(0, _Helpers.mediumWait)().then(() => {\n  _shadowElements.GetShadow.QuantityCart('5');\n});\n_shadowElements.GetShadow.elements.QuantitySelectinCart().should('have.value', '5');\n(0, _Helpers.longWait)();",
              "err": {},
              "uuid": "50032056-acd8-48ce-a36f-7cbb8359f35a",
              "parentUUID": "c8640624-17bc-46b1-97f3-18e0d660d11e",
              "isHook": false,
              "skipped": false
            },
            {
              "title": "Verify adding and removing multiple items to cart",
              "fullTitle": "Test the core functionalities of the website including interactions with shadow DOM elements STEFI1 Verify adding and removing multiple items to cart",
              "timedOut": null,
              "duration": 9319,
              "state": "passed",
              "speed": "medium",
              "pass": true,
              "fail": false,
              "pending": false,
              "context": null,
              "code": "_shadowElements.GetShadow.LadiesMenu();\n(0, _Helpers.shortWait)().then(() => {\n  _shadowElements.GetShadow.ColorblockJacket();\n});\n(0, _Helpers.shortWait)().then(() => {\n  _shadowElements.GetShadow.AddtoCart();\n});\n_shadowElements.GetShadow.elements.AddedToCart().should('have.text', 'Added to cart');\n_shadowElements.GetShadow.ViewCart();\n(0, _Helpers.mediumWait)().then(() => {\n  _shadowElements.GetShadow.Remove();\n});\n_shadowElements.GetShadow.elements.EmptyCart().should('have.text', '(2 items)');\n(0, _Helpers.longWait)();",
              "err": {},
              "uuid": "d5be2571-2620-4456-a7e9-0c7e50287d21",
              "parentUUID": "c8640624-17bc-46b1-97f3-18e0d660d11e",
              "isHook": false,
              "skipped": false
            },
            {
              "title": "Verify checkout flow and functionalities (Shadow DOM)",
              "fullTitle": "Test the core functionalities of the website including interactions with shadow DOM elements STEFI1 Verify checkout flow and functionalities (Shadow DOM)",
              "timedOut": null,
              "duration": 28151,
              "state": "passed",
              "speed": "slow",
              "pass": true,
              "fail": false,
              "pending": false,
              "context": null,
              "code": "_shadowElements.GetShadow.LadiesMenu();\n(0, _Helpers.mediumWait)().then(() => {\n  _shadowElements.GetShadow.ColorblockJacket();\n});\n_shadowElements.GetShadow.Quantity('5');\n_shadowElements.GetShadow.elements.QuantitySelect().should('have.value', '5');\n_shadowElements.GetShadow.AddtoCart();\n_shadowElements.GetShadow.elements.AddedToCart().should('have.text', 'Added to cart');\n(0, _Helpers.mediumWait)().then(() => {\n  _shadowElements.GetShadow.LadiesMenu();\n});\n_shadowElements.GetShadow.SonomaJacket();\n_shadowElements.GetShadow.Quantity('3');\n_shadowElements.GetShadow.elements.QuantitySelect().should('have.value', '3');\n(0, _Helpers.mediumWait)().then(() => {\n  _shadowElements.GetShadow.AddtoCart();\n});\n_shadowElements.GetShadow.elements.AddedToCart().should('have.text', 'Added to cart');\n(0, _Helpers.shortWait)().then(() => {\n  _shadowElements.GetShadow.ViewCart();\n});\n(0, _Helpers.shortWait)().then(() => {\n  _shadowElements.GetShadow.elements.EmptyCart().should('have.text', '(3 items)');\n});\n_shadowElements.GetShadow.Checkout();\n(0, _Helpers.mediumWait)().then(() => {\n  _shadowElements.GetShadow.fillBillingForm('CheckoutData');\n});\n_shadowElements.GetShadow.PlaceOrder();\n_shadowElements.GetShadow.elements.SuccessfulPurchase().should('have.text', 'Thank you');\n(0, _Helpers.mediumWait)();\n_shadowElements.GetShadow.Finish();\n(0, _Helpers.mediumWait)();",
              "err": {},
              "uuid": "30327a5e-6ad6-49ef-a7fb-ce9102279475",
              "parentUUID": "c8640624-17bc-46b1-97f3-18e0d660d11e",
              "isHook": false,
              "skipped": false
            }
          ],
          "suites": [],
          "passes": [
            "24548beb-f83e-4842-b554-f4c9af5ec93c",
            "50032056-acd8-48ce-a36f-7cbb8359f35a",
            "d5be2571-2620-4456-a7e9-0c7e50287d21",
            "30327a5e-6ad6-49ef-a7fb-ce9102279475"
          ],
          "failures": [],
          "pending": [],
          "skipped": [],
          "duration": 74387,
          "root": false,
          "rootEmpty": false,
          "_timeout": 2000
        }
      ],
      "passes": [],
      "failures": [],
      "pending": [],
      "skipped": [],
      "duration": 0,
      "root": true,
      "rootEmpty": true,
      "_timeout": 2000
    }
  ],
  "meta": {
    "mocha": {
      "version": "7.0.1"
    },
    "mochawesome": {
      "options": {
        "quiet": false,
        "reportFilename": "mochawesome",
        "saveHtml": true,
        "saveJson": true,
        "consoleReporter": "spec",
        "useInlineDiffs": false,
        "code": true
      },
      "version": "7.1.3"
    },
    "marge": {
      "options": {
        "overwrite": false,
        "reportPageTitle": "Stefi",
        "charts": true,
        "embeddedScreenshots": true,
        "saveAllAttempts": false,
        "screenshotOnRunFailure": true,
        "inlineAssets": true
      },
      "version": "6.2.0"
    }
  }
}