{
  "stats": {
    "suites": 1,
    "tests": 1,
    "passes": 0,
    "pending": 0,
    "failures": 1,
    "start": "2024-03-22T09:45:51.692Z",
    "end": "2024-03-22T09:46:19.045Z",
    "duration": 27353,
    "testsRegistered": 1,
    "passPercent": 0,
    "pendingPercent": 0,
    "other": 0,
    "hasOther": false,
    "skipped": 0,
    "hasSkipped": false
  },
  "results": [
    {
      "uuid": "968943cf-8e28-4093-adbe-92980bfab722",
      "title": "",
      "fullFile": "test\\cypress\\e2e\\SubmitForm\\SubmitTest.cy.js",
      "file": "test\\cypress\\e2e\\SubmitForm\\SubmitTest.cy.js",
      "beforeHooks": [],
      "afterHooks": [],
      "tests": [],
      "suites": [
        {
          "uuid": "af0cc6a0-5c11-4ea1-b7f5-062e9b244508",
          "title": "Test Form submit with math problem",
          "fullFile": "",
          "file": "",
          "beforeHooks": [],
          "afterHooks": [],
          "tests": [
            {
              "title": "Test submit form",
              "fullTitle": "Test Form submit with math problem Test submit form",
              "timedOut": null,
              "duration": 22590,
              "state": "failed",
              "speed": null,
              "pass": false,
              "fail": true,
              "pending": false,
              "context": null,
              "code": "Form.FirstInput('Stefani');\ncy.wait(2000);\nForm.MessageOne('This is the first message <3');\ncy.wait(2000);\nForm.SubmitOne();\ncy.wait(2000);\ncy.get('#et_pb_contact_form_0').should('have.text', 'Thanks for contacting us');\nForm.SecondInput('Kiprevska');\ncy.wait(2000);\nForm.MessageTwo('This is the second message </3');\ncy.wait(2000);\nForm.Math('7');\ncy.wait(2000);\nForm.SubmitTwo();\ncy.wait(2000);\ncy.get('#et_pb_contact_form_1').should('have.text', 'Thanks for contacting us');",
              "err": {
                "message": "AssertionError: Timed out retrying after 4000ms: expected '<div#et_pb_contact_form_1.et_pb_module.et_pb_contact_form_1.et_pb_contact_form_container.clearfix>' to have text 'Thanks for contacting us', but the text was '\\n\\t\\t\\t\\t\\n\\t\\t\\t\\t\\n\\t\\t\\t\\t\\n\\t\\t\\t\\t\\n\\t\\t\\t\\t\\n\\t\\t\\t\\tYou entered the wrong number in captcha.\\n\\t\\t\\t\\t\\n\\t\\t\\t\\t\\n\\t\\t\\t\\t\\t\\n\\t\\t\\t\\t\\t\\t\\n\\t\\t\\t\\t\\n\\t\\t\\t\\t\\n\\t\\t\\t\\t\\n\\t\\t\\t\\t\\n\\t\\t\\t\\tName\\n\\t\\t\\t\\t\\n\\t\\t\\t\\n\\t\\t\\t\\t\\n\\t\\t\\t\\t\\n\\t\\t\\t\\t\\n\\t\\t\\t\\t\\n\\t\\t\\t\\tMessage\\n\\t\\t\\t\\t\\n\\t\\t\\t\\n\\t\\t\\t\\t\\t\\t\\n\\t\\t\\t\\t\\t\\t\\n\\t\\t\\t\\t\\t\\t\\t\\n\\t\\t\\t\\n\\t\\t\\t\\t\\n\\t\\t\\t\\t\\t13 + 11 = \\n\\t\\t\\t\\t\\n\\t\\t\\t\\n\\t\\t\\t\\t\\t\\t\\tSubmit\\n\\t\\t\\t\\t\\t\\t\\n\\t\\t\\t\\t\\t\\t\\n\\t\\t\\t\\t\\t\\n\\t\\t\\t\\t\\n\\t\\t\\t'",
                "estack": "AssertionError: Timed out retrying after 4000ms: expected '<div#et_pb_contact_form_1.et_pb_module.et_pb_contact_form_1.et_pb_contact_form_container.clearfix>' to have text 'Thanks for contacting us', but the text was '\\n\\t\\t\\t\\t\\n\\t\\t\\t\\t\\n\\t\\t\\t\\t\\n\\t\\t\\t\\t\\n\\t\\t\\t\\t\\n\\t\\t\\t\\tYou entered the wrong number in captcha.\\n\\t\\t\\t\\t\\n\\t\\t\\t\\t\\n\\t\\t\\t\\t\\t\\n\\t\\t\\t\\t\\t\\t\\n\\t\\t\\t\\t\\n\\t\\t\\t\\t\\n\\t\\t\\t\\t\\n\\t\\t\\t\\t\\n\\t\\t\\t\\tName\\n\\t\\t\\t\\t\\n\\t\\t\\t\\n\\t\\t\\t\\t\\n\\t\\t\\t\\t\\n\\t\\t\\t\\t\\n\\t\\t\\t\\t\\n\\t\\t\\t\\tMessage\\n\\t\\t\\t\\t\\n\\t\\t\\t\\n\\t\\t\\t\\t\\t\\t\\n\\t\\t\\t\\t\\t\\t\\n\\t\\t\\t\\t\\t\\t\\t\\n\\t\\t\\t\\n\\t\\t\\t\\t\\n\\t\\t\\t\\t\\t13 + 11 = \\n\\t\\t\\t\\t\\n\\t\\t\\t\\n\\t\\t\\t\\t\\t\\t\\tSubmit\\n\\t\\t\\t\\t\\t\\t\\n\\t\\t\\t\\t\\t\\t\\n\\t\\t\\t\\t\\t\\n\\t\\t\\t\\t\\n\\t\\t\\t'\n    at Context.eval (webpack:///./test/cypress/e2e/SubmitForm/SubmitTest.cy.js:25:32)",
                "diff": "- '\\n\\t\\t\\t\\t\\n\\t\\t\\t\\t\\n\\t\\t\\t\\t\\n\\t\\t\\t\\t\\n\\t\\t\\t\\t\\n\\t\\t\\t\\tYou entered the wrong number in captcha.\\n\\t\\t\\t\\t\\n\\t\\t\\t\\t\\n\\t\\t\\t\\t\\t\\n\\t\\t\\t\\t\\t\\t\\n\\t\\t\\t\\t\\n\\t\\t\\t\\t\\n\\t\\t\\t\\t\\n\\t\\t\\t\\t\\n\\t\\t\\t\\tName\\n\\t\\t\\t\\t\\n\\t\\t\\t\\n\\t\\t\\t\\t\\n\\t\\t\\t\\t\\n\\t\\t\\t\\t\\n\\t\\t\\t\\t\\n\\t\\t\\t\\tMessage\\n\\t\\t\\t\\t\\n\\t\\t\\t\\n\\t\\t\\t\\t\\t\\t\\n\\t\\t\\t\\t\\t\\t\\n\\t\\t\\t\\t\\t\\t\\t\\n\\t\\t\\t\\n\\t\\t\\t\\t\\n\\t\\t\\t\\t\\t13 + 11 = \\n\\t\\t\\t\\t\\n\\t\\t\\t\\n\\t\\t\\t\\t\\t\\t\\tSubmit\\n\\t\\t\\t\\t\\t\\t\\n\\t\\t\\t\\t\\t\\t\\n\\t\\t\\t\\t\\t\\n\\t\\t\\t\\t\\n\\t\\t\\t'\n+ 'Thanks for contacting us'\n"
              },
              "uuid": "686aa5a9-a588-4c3f-b00d-2a8c014dfc4b",
              "parentUUID": "af0cc6a0-5c11-4ea1-b7f5-062e9b244508",
              "isHook": false,
              "skipped": false
            }
          ],
          "suites": [],
          "passes": [],
          "failures": [
            "686aa5a9-a588-4c3f-b00d-2a8c014dfc4b"
          ],
          "pending": [],
          "skipped": [],
          "duration": 22590,
          "root": false,
          "rootEmpty": false,
          "_timeout": 2000
        }
      ],
      "passes": [],
      "failures": [],
      "pending": [],
      "skipped": [],
      "duration": 0,
      "root": true,
      "rootEmpty": true,
      "_timeout": 2000
    }
  ],
  "meta": {
    "mocha": {
      "version": "7.0.1"
    },
    "mochawesome": {
      "options": {
        "quiet": false,
        "reportFilename": "mochawesome",
        "saveHtml": true,
        "saveJson": true,
        "consoleReporter": "spec",
        "useInlineDiffs": false,
        "code": true
      },
      "version": "7.1.3"
    },
    "marge": {
      "options": null,
      "version": "6.2.0"
    }
  }
}